This is pdfTeX, Version 3.141592653-2.6-1.40.29 (MiKTeX 26.1) (preloaded format=pdflatex 2026.2.15)  15 FEB 2026 10:19
entering extended mode
 restricted \write18 enabled.
 %&-line parsing enabled.
**./vignettes/manuscript/CausalMixGPD_JSS_article.tex
(vignettes/manuscript/CausalMixGPD_JSS_article.tex
LaTeX2e <2025-11-01>
L3 programming layer <2026-01-19>
(vignettes/manuscript/jss.cls

LaTeX Warning: You have requested document class `vignettes/manuscript/jss',
               but the document class provides `jss'.

Document Class: jss 2021/05/23 3.3 jss class by Achim Zeileis
(C:\Program Files\MiKTeX\tex/latex/base\article.cls
Document Class: article 2025/01/22 v1.4n Standard LaTeX document class
(C:\Program Files\MiKTeX\tex/latex/base\size11.clo
File: size11.clo 2025/01/22 v1.4n Standard LaTeX file (size option)
)
\c@part=\count275
\c@section=\count276
\c@subsection=\count277
\c@subsubsection=\count278
\c@paragraph=\count279
\c@subparagraph=\count280
\c@figure=\count281
\c@table=\count282
\abovecaptionskip=\skip49
\belowcaptionskip=\skip50
\bibindent=\dimen148
)
(C:\Program Files\MiKTeX\tex/latex/graphics\graphicx.sty
Package: graphicx 2024/12/31 v1.2e Enhanced LaTeX Graphics (DPC,SPQR)

(C:\Program Files\MiKTeX\tex/latex/graphics\keyval.sty
Package: keyval 2022/05/29 v1.15 key=value parser (DPC)
\KV@toks@=\toks17
)
(C:\Program Files\MiKTeX\tex/latex/graphics\graphics.sty
Package: graphics 2024/08/06 v1.4g Standard LaTeX Graphics (DPC,SPQR)

(C:\Program Files\MiKTeX\tex/latex/graphics\trig.sty
Package: trig 2023/12/02 v1.11 sin cos tan (DPC)
)
(C:\Program Files\MiKTeX\tex/latex/graphics-cfg\graphics.cfg
File: graphics.cfg 2016/06/04 v1.11 sample graphics configuration
)
Package graphics Info: Driver file: pdftex.def on input line 106.

(C:\Program Files\MiKTeX\tex/latex/graphics-def\pdftex.def
File: pdftex.def 2025/09/29 v1.2d Graphics/color driver for pdftex
))
\Gin@req@height=\dimen149
\Gin@req@width=\dimen150
)
(C:\Program Files\MiKTeX\tex/latex/xcolor\xcolor.sty
Package: xcolor 2024/09/29 v3.02 LaTeX color extensions (UK)

(C:\Program Files\MiKTeX\tex/latex/graphics-cfg\color.cfg
File: color.cfg 2016/01/02 v1.6 sample color configuration
)
Package xcolor Info: Driver file: pdftex.def on input line 274.

(C:\Program Files\MiKTeX\tex/latex/graphics\mathcolor.ltx)
Package xcolor Info: Model `cmy' substituted by `cmy0' on input line 1349.
Package xcolor Info: Model `hsb' substituted by `rgb' on input line 1353.
Package xcolor Info: Model `RGB' extended on input line 1365.
Package xcolor Info: Model `HTML' substituted by `rgb' on input line 1367.
Package xcolor Info: Model `Hsb' substituted by `hsb' on input line 1368.
Package xcolor Info: Model `tHsb' substituted by `hsb' on input line 1369.
Package xcolor Info: Model `HSB' substituted by `hsb' on input line 1370.
Package xcolor Info: Model `Gray' substituted by `gray' on input line 1371.
Package xcolor Info: Model `wave' substituted by `hsb' on input line 1372.
)
(C:\Users\arnab\AppData\Local\Programs\MiKTeX\tex/latex/ae\ae.sty
Package: ae 2001/02/12 1.3 Almost European Computer Modern

(C:\Program Files\MiKTeX\tex/latex/base\fontenc.sty
Package: fontenc 2025/07/18 v2.1d Standard LaTeX package
))
(C:\Users\arnab\AppData\Roaming\MiKTeX\tex/latex/fancyvrb\fancyvrb.sty
Package: fancyvrb 2025/07/28 4.6 verbatim text (tvz,hv)
\FV@CodeLineNo=\count283
\FV@InFile=\read2
\FV@TabBox=\box53
\c@FancyVerbLine=\count284
\FV@StepNumber=\count285
\FV@OutFile=\write3
)
(C:\Program Files\MiKTeX\tex/latex/base\fontenc.sty
Package: fontenc 2025/07/18 v2.1d Standard LaTeX package
LaTeX Font Info:    Trying to load font information for T1+aer on input line 11
6.

(C:\Users\arnab\AppData\Local\Programs\MiKTeX\tex/latex/ae\t1aer.fd
File: t1aer.fd 1997/11/16 Font definitions for T1/aer.
))
(C:\Users\arnab\AppData\Roaming\MiKTeX\tex/latex/upquote\upquote.sty
Package: upquote 2012/04/19 v1.3 upright-quote and grave-accent glyphs in verba
tim

(C:\Program Files\MiKTeX\tex/latex/base\textcomp.sty
Package: textcomp 2024/04/24 v2.1b Standard LaTeX package
))
(C:\Program Files\MiKTeX\tex/latex/lm\lmodern.sty
Package: lmodern 2015/05/01 v1.6.1 Latin Modern Fonts
LaTeX Font Info:    Overwriting symbol font `operators' in version `normal'
(Font)                  OT1/cmr/m/n --> OT1/lmr/m/n on input line 22.
LaTeX Font Info:    Overwriting symbol font `letters' in version `normal'
(Font)                  OML/cmm/m/it --> OML/lmm/m/it on input line 23.
LaTeX Font Info:    Overwriting symbol font `symbols' in version `normal'
(Font)                  OMS/cmsy/m/n --> OMS/lmsy/m/n on input line 24.
LaTeX Font Info:    Overwriting symbol font `largesymbols' in version `normal'
(Font)                  OMX/cmex/m/n --> OMX/lmex/m/n on input line 25.
LaTeX Font Info:    Overwriting symbol font `operators' in version `bold'
(Font)                  OT1/cmr/bx/n --> OT1/lmr/bx/n on input line 26.
LaTeX Font Info:    Overwriting symbol font `letters' in version `bold'
(Font)                  OML/cmm/b/it --> OML/lmm/b/it on input line 27.
LaTeX Font Info:    Overwriting symbol font `symbols' in version `bold'
(Font)                  OMS/cmsy/b/n --> OMS/lmsy/b/n on input line 28.
LaTeX Font Info:    Overwriting symbol font `largesymbols' in version `bold'
(Font)                  OMX/cmex/m/n --> OMX/lmex/m/n on input line 29.
LaTeX Font Info:    Overwriting math alphabet `\mathbf' in version `normal'
(Font)                  OT1/cmr/bx/n --> OT1/lmr/bx/n on input line 31.
LaTeX Font Info:    Overwriting math alphabet `\mathsf' in version `normal'
(Font)                  OT1/cmss/m/n --> OT1/lmss/m/n on input line 32.
LaTeX Font Info:    Overwriting math alphabet `\mathit' in version `normal'
(Font)                  OT1/cmr/m/it --> OT1/lmr/m/it on input line 33.
LaTeX Font Info:    Overwriting math alphabet `\mathtt' in version `normal'
(Font)                  OT1/cmtt/m/n --> OT1/lmtt/m/n on input line 34.
LaTeX Font Info:    Overwriting math alphabet `\mathbf' in version `bold'
(Font)                  OT1/cmr/bx/n --> OT1/lmr/bx/n on input line 35.
LaTeX Font Info:    Overwriting math alphabet `\mathsf' in version `bold'
(Font)                  OT1/cmss/bx/n --> OT1/lmss/bx/n on input line 36.
LaTeX Font Info:    Overwriting math alphabet `\mathit' in version `bold'
(Font)                  OT1/cmr/bx/it --> OT1/lmr/bx/it on input line 37.
LaTeX Font Info:    Overwriting math alphabet `\mathtt' in version `bold'
(Font)                  OT1/cmtt/m/n --> OT1/lmtt/m/n on input line 38.
)
(C:\Users\arnab\AppData\Roaming\MiKTeX\tex/latex/natbib\natbib.sty
Package: natbib 2010/09/13 8.31b (PWD, AO)
\bibhang=\skip51
\bibsep=\skip52
LaTeX Info: Redefining \cite on input line 694.
\c@NAT@ctr=\count286
)
\footerskip=\skip53

(C:\Program Files\MiKTeX\tex/latex/hyperref\hyperref.sty
Package: hyperref 2026-01-29 v7.01p Hypertext links for LaTeX

(C:\Program Files\MiKTeX\tex/generic/iftex\iftex.sty
Package: iftex 2024/12/12 v1.0g TeX engine tests
)
(C:\Users\arnab\AppData\Roaming\MiKTeX\tex/latex/kvsetkeys\kvsetkeys.sty
Package: kvsetkeys 2022-10-05 v1.19 Key value parser (HO)
)
(C:\Users\arnab\AppData\Roaming\MiKTeX\tex/generic/kvdefinekeys\kvdefinekeys.st
y
Package: kvdefinekeys 2019-12-19 v1.6 Define keys (HO)
) (C:\Users\arnab\AppData\Roaming\MiKTeX\tex/generic/pdfescape\pdfescape.sty
Package: pdfescape 2019/12/09 v1.15 Implements pdfTeX's escape features (HO)

(C:\Users\arnab\AppData\Roaming\MiKTeX\tex/generic/ltxcmds\ltxcmds.sty
Package: ltxcmds 2023-12-04 v1.26 LaTeX kernel commands for general use (HO)
)
(C:\Program Files\MiKTeX\tex/generic/pdftexcmds\pdftexcmds.sty
Package: pdftexcmds 2020-06-27 v0.33 Utility functions of pdfTeX for LuaTeX (HO
)

(C:\Users\arnab\AppData\Roaming\MiKTeX\tex/generic/infwarerr\infwarerr.sty
Package: infwarerr 2019/12/03 v1.5 Providing info/warning/error messages (HO)
)
Package pdftexcmds Info: \pdf@primitive is available.
Package pdftexcmds Info: \pdf@ifprimitive is available.
Package pdftexcmds Info: \pdfdraftmode found.
))
(C:\Users\arnab\AppData\Roaming\MiKTeX\tex/latex/hycolor\hycolor.sty
Package: hycolor 2020-01-27 v1.10 Color options for hyperref/bookmark (HO)
)
(C:\Program Files\MiKTeX\tex/latex/hyperref\nameref.sty
Package: nameref 2026-01-29 v2.58 Cross-referencing by name of section

(C:\Users\arnab\AppData\Roaming\MiKTeX\tex/latex/refcount\refcount.sty
Package: refcount 2019/12/15 v3.6 Data extraction from label references (HO)
)
(C:\Users\arnab\AppData\Roaming\MiKTeX\tex/generic/gettitlestring\gettitlestrin
g.sty
Package: gettitlestring 2019/12/15 v1.6 Cleanup title references (HO)
 (C:\Users\arnab\AppData\Roaming\MiKTeX\tex/latex/kvoptions\kvoptions.sty
Package: kvoptions 2022-06-15 v3.15 Key value format for package options (HO)
))
\c@section@level=\count287
) (C:\Program Files\MiKTeX\tex/latex/etoolbox\etoolbox.sty
Package: etoolbox 2025/10/02 v2.5m e-TeX tools for LaTeX (JAW)
\etb@tempcnta=\count288
)
(C:\Users\arnab\AppData\Roaming\MiKTeX\tex/generic/stringenc\stringenc.sty
Package: stringenc 2019/11/29 v1.12 Convert strings between diff. encodings (HO
)
)
\@linkdim=\dimen151
\Hy@linkcounter=\count289
\Hy@pagecounter=\count290

(C:\Program Files\MiKTeX\tex/latex/hyperref\pd1enc.def
File: pd1enc.def 2026-01-29 v7.01p Hyperref: PDFDocEncoding definition (HO)
Now handling font encoding PD1 ...
... no UTF-8 mapping file for font encoding PD1
)
(C:\Users\arnab\AppData\Roaming\MiKTeX\tex/generic/intcalc\intcalc.sty
Package: intcalc 2019/12/15 v1.3 Expandable calculations with integers (HO)
)
\Hy@SavedSpaceFactor=\count291

(C:\Program Files\MiKTeX\tex/latex/hyperref\puenc.def
File: puenc.def 2026-01-29 v7.01p Hyperref: PDF Unicode definition (HO)
Now handling font encoding PU ...
... no UTF-8 mapping file for font encoding PU
)
Package hyperref Info: Hyper figures OFF on input line 4201.
Package hyperref Info: Link nesting OFF on input line 4206.
Package hyperref Info: Hyper index ON on input line 4209.
Package hyperref Info: Plain pages OFF on input line 4216.
Package hyperref Info: Backreferencing OFF on input line 4221.
Package hyperref Info: Implicit mode ON; LaTeX internals redefined.
Package hyperref Info: Bookmarks ON on input line 4468.
\c@Hy@tempcnt=\count292

(C:\Program Files\MiKTeX\tex/latex/url\url.sty
\Urlmuskip=\muskip17
Package: url 2013/09/16  ver 3.4  Verb mode for urls, etc.
)
LaTeX Info: Redefining \url on input line 4807.
\XeTeXLinkMargin=\dimen152

(C:\Users\arnab\AppData\Roaming\MiKTeX\tex/generic/bitset\bitset.sty
Package: bitset 2019/12/09 v1.3 Handle bit-vector datatype (HO)

(C:\Users\arnab\AppData\Roaming\MiKTeX\tex/generic/bigintcalc\bigintcalc.sty
Package: bigintcalc 2019/12/15 v1.5 Expandable calculations on big integers (HO
)
))
\Fld@menulength=\count293
\Field@Width=\dimen153
\Fld@charsize=\dimen154
Package hyperref Info: Hyper figures OFF on input line 6084.
Package hyperref Info: Link nesting OFF on input line 6089.
Package hyperref Info: Hyper index ON on input line 6092.
Package hyperref Info: backreferencing OFF on input line 6099.
Package hyperref Info: Link coloring OFF on input line 6104.
Package hyperref Info: Link coloring with OCG OFF on input line 6109.
Package hyperref Info: PDF/A mode OFF on input line 6114.
\Hy@abspage=\count294
\c@Item=\count295
\c@Hfootnote=\count296
)
Package hyperref Info: Driver (autodetected): hpdftex.
(C:\Program Files\MiKTeX\tex/latex/hyperref\hpdftex.def
File: hpdftex.def 2026-01-29 v7.01p Hyperref driver for pdfTeX
\Fld@listcount=\count297
\c@bookmark@seq@number=\count298

(C:\Users\arnab\AppData\Roaming\MiKTeX\tex/latex/rerunfilecheck\rerunfilecheck.
sty
Package: rerunfilecheck 2025-06-21 v1.11 Rerun checks for auxiliary files (HO)

(C:\Users\arnab\AppData\Roaming\MiKTeX\tex/generic/uniquecounter\uniquecounter.
sty
Package: uniquecounter 2019/12/15 v1.4 Provide unlimited unique counter (HO)
)
Package uniquecounter Info: New unique counter `rerunfilecheck' on input line 2
84.
)
\Hy@SectionHShift=\skip54
)
\preXLskip=\skip55
\preLskip=\skip56
\preMskip=\skip57
\preSskip=\skip58
\postMskip=\skip59
\postSskip=\skip60


Package hyperref Warning: Option `hyperindex' has already been used,
(hyperref)                setting the option has no effect on input line 447.

Package hyperref Info: Option `colorlinks' set `true' on input line 447.
Package hyperref Info: Option `linktocpage' set `true' on input line 447.
Package hyperref Info: Option `plainpages' set `false' on input line 447.
) (C:\Users\arnab\AppData\Roaming\MiKTeX\tex/latex/framed\framed.sty
Package: framed 2011/10/22 v 0.96: framed or shaded text with page breaks
\OuterFrameSep=\skip61
\fb@frw=\dimen155
\fb@frh=\dimen156
\FrameRule=\dimen157
\FrameSep=\dimen158
)
(C:\Program Files\MiKTeX\tex/latex/base\alltt.sty
Package: alltt 2024/07/07 v2.0g defines alltt environment
)
(C:\Program Files\MiKTeX\tex/latex/amsmath\amsmath.sty
Package: amsmath 2025/07/09 v2.17z AMS math features
\@mathmargin=\skip62

For additional information on amsmath, use the `?' option.
(C:\Program Files\MiKTeX\tex/latex/amsmath\amstext.sty
Package: amstext 2024/11/17 v2.01 AMS text

(C:\Program Files\MiKTeX\tex/latex/amsmath\amsgen.sty
File: amsgen.sty 1999/11/30 v2.0 generic functions
\@emptytoks=\toks18
\ex@=\dimen159
))
(C:\Program Files\MiKTeX\tex/latex/amsmath\amsbsy.sty
Package: amsbsy 1999/11/29 v1.2d Bold Symbols
\pmbraise@=\dimen160
)
(C:\Program Files\MiKTeX\tex/latex/amsmath\amsopn.sty
Package: amsopn 2022/04/08 v2.04 operator names
)
\inf@bad=\count299
LaTeX Info: Redefining \frac on input line 233.
\uproot@=\count300
\leftroot@=\count301
LaTeX Info: Redefining \overline on input line 398.
LaTeX Info: Redefining \colon on input line 409.
\classnum@=\count302
\DOTSCASE@=\count303
LaTeX Info: Redefining \ldots on input line 495.
LaTeX Info: Redefining \dots on input line 498.
LaTeX Info: Redefining \cdots on input line 619.
\Mathstrutbox@=\box54
\strutbox@=\box55
LaTeX Info: Redefining \big on input line 721.
LaTeX Info: Redefining \Big on input line 722.
LaTeX Info: Redefining \bigg on input line 723.
LaTeX Info: Redefining \Bigg on input line 724.
\big@size=\dimen161
LaTeX Font Info:    Redeclaring font encoding OML on input line 742.
LaTeX Font Info:    Redeclaring font encoding OMS on input line 743.
\macc@depth=\count304
LaTeX Info: Redefining \bmod on input line 904.
LaTeX Info: Redefining \pmod on input line 909.
LaTeX Info: Redefining \smash on input line 939.
LaTeX Info: Redefining \relbar on input line 969.
LaTeX Info: Redefining \Relbar on input line 970.
\c@MaxMatrixCols=\count305
\dotsspace@=\muskip18
\c@parentequation=\count306
\dspbrk@lvl=\count307
\tag@help=\toks19
\row@=\count308
\column@=\count309
\maxfields@=\count310
\andhelp@=\toks20
\eqnshift@=\dimen162
\alignsep@=\dimen163
\tagshift@=\dimen164
\tagwidth@=\dimen165
\totwidth@=\dimen166
\lineht@=\dimen167
\@envbody=\toks21
\multlinegap=\skip63
\multlinetaggap=\skip64
\mathdisplay@stack=\toks22
LaTeX Info: Redefining \[ on input line 2950.
LaTeX Info: Redefining \] on input line 2951.
)
(C:\Program Files\MiKTeX\tex/latex/amsfonts\amssymb.sty
Package: amssymb 2013/01/14 v3.01 AMS font symbols

(C:\Program Files\MiKTeX\tex/latex/amsfonts\amsfonts.sty
Package: amsfonts 2013/01/14 v3.01 Basic AMSFonts support
\symAMSa=\mathgroup4
\symAMSb=\mathgroup5
LaTeX Font Info:    Redeclaring math symbol \hbar on input line 98.
LaTeX Font Info:    Overwriting math alphabet `\mathfrak' in version `bold'
(Font)                  U/euf/m/n --> U/euf/b/n on input line 106.
))
(C:\Users\arnab\AppData\Roaming\MiKTeX\tex/latex/booktabs\booktabs.sty
Package: booktabs 2020/01/12 v1.61803398 Publication quality tables
\heavyrulewidth=\dimen168
\lightrulewidth=\dimen169
\cmidrulewidth=\dimen170
\belowrulesep=\dimen171
\belowbottomsep=\dimen172
\aboverulesep=\dimen173
\abovetopsep=\dimen174
\cmidrulesep=\dimen175
\cmidrulekern=\dimen176
\defaultaddspace=\dimen177
\@cmidla=\count311
\@cmidlb=\count312
\@aboverulesep=\dimen178
\@belowrulesep=\dimen179
\@thisruleclass=\count313
\@lastruleclass=\count314
\@thisrulewidth=\dimen180
)
(vignettes/manuscript/Sweave.sty

LaTeX Warning: You have requested package `vignettes/manuscript/Sweave',
               but the package provides `Sweave'.

Package: Sweave 
(C:\Program Files\MiKTeX\tex/latex/base\ifthen.sty
Package: ifthen 2024/03/16 v1.1e Standard LaTeX ifthen package (DPC)
)
(C:\Program Files\MiKTeX\tex/latex/base\fontenc.sty
Package: fontenc 2025/07/18 v2.1d Standard LaTeX package
LaTeX Font Info:    Trying to load font information for T1+lmr on input line 11
6.

(C:\Program Files\MiKTeX\tex/latex/lm\t1lmr.fd
File: t1lmr.fd 2015/05/01 v1.6.1 Font defs for Latin Modern
))
Environment Schunk is already defined, stay with former definition)
(C:\Users\arnab\AppData\Local\Programs\MiKTeX\tex/latex/xurl\xurl.sty
Package: xurl 2022/01/09 v 0.10 modify URL breaks
)
LaTeX Info: Redefining \pkg on input line 77.
LaTeX Info: Redefining \code on input line 78.

(C:\Program Files\MiKTeX\tex/latex/l3backend\l3backend-pdftex.def
File: l3backend-pdftex.def 2025-10-09 L3 backend support: PDF output (pdfTeX)
\l__color_backend_stack_int=\count315
)
(CausalMixGPD_JSS_article.aux)
\openout1 = `CausalMixGPD_JSS_article.aux'.

LaTeX Font Info:    Checking defaults for OML/cmm/m/it on input line 106.
LaTeX Font Info:    ... okay on input line 106.
LaTeX Font Info:    Checking defaults for OMS/cmsy/m/n on input line 106.
LaTeX Font Info:    ... okay on input line 106.
LaTeX Font Info:    Checking defaults for OT1/cmr/m/n on input line 106.
LaTeX Font Info:    ... okay on input line 106.
LaTeX Font Info:    Checking defaults for T1/cmr/m/n on input line 106.
LaTeX Font Info:    ... okay on input line 106.
LaTeX Font Info:    Checking defaults for TS1/cmr/m/n on input line 106.
LaTeX Font Info:    ... okay on input line 106.
LaTeX Font Info:    Checking defaults for OMX/cmex/m/n on input line 106.
LaTeX Font Info:    ... okay on input line 106.
LaTeX Font Info:    Checking defaults for U/cmr/m/n on input line 106.
LaTeX Font Info:    ... okay on input line 106.
LaTeX Font Info:    Checking defaults for PD1/pdf/m/n on input line 106.
LaTeX Font Info:    ... okay on input line 106.
LaTeX Font Info:    Checking defaults for PU/pdf/m/n on input line 106.
LaTeX Font Info:    ... okay on input line 106.

(C:\Program Files\MiKTeX\tex/context/base/mkii\supp-pdf.mkii
[Loading MPS to PDF converter (version 2006.09.02).]
\scratchcounter=\count316
\scratchdimen=\dimen181
\scratchbox=\box56
\nofMPsegments=\count317
\nofMParguments=\count318
\everyMPshowfont=\toks23
\MPscratchCnt=\count319
\MPscratchDim=\dimen182
\MPnumerator=\count320
\makeMPintoPDFobject=\count321
\everyMPtoPDFconversion=\toks24
) (C:\Program Files\MiKTeX\tex/latex/epstopdf-pkg\epstopdf-base.sty
Package: epstopdf-base 2020-01-24 v2.11 Base part for package epstopdf
Package epstopdf-base Info: Redefining graphics rule for `.eps' on input line 4
85.

(C:\Program Files\MiKTeX\tex/latex/00miktex\epstopdf-sys.cfg
File: epstopdf-sys.cfg 2021/03/18 v2.0 Configuration of epstopdf for MiKTeX
))
Package hyperref Info: Link coloring ON on input line 106.

(CausalMixGPD_JSS_article.out) (CausalMixGPD_JSS_article.out)
\@outlinefile=\write4
\openout4 = `CausalMixGPD_JSS_article.out'.

<vignettes/manuscript/jsslogo.jpg, id=27, 540.0175pt x 393.47pt>
File: vignettes/manuscript/jsslogo.jpg Graphic file (type jpg)
<use vignettes/manuscript/jsslogo.jpg>
Package pdftex.def Info: vignettes/manuscript/jsslogo.jpg  used on input line 1
06.
(pdftex.def)             Requested size: 89.80768pt x 65.43607pt.
LaTeX Font Info:    Trying to load font information for T1+pzc on input line 10
6.

(C:\Users\arnab\AppData\Roaming\MiKTeX\tex/latex/psnfss\t1pzc.fd
File: t1pzc.fd 2020/03/25 font definitions for T1/pzc.
)
LaTeX Font Info:    Font shape `T1/pzc/m/n' in size <28> not available
(Font)              Font shape `T1/pzc/m/it' tried instead on input line 106.
LaTeX Font Info:    Trying to load font information for OT1+lmr on input line 1
06.

(C:\Program Files\MiKTeX\tex/latex/lm\ot1lmr.fd
File: ot1lmr.fd 2015/05/01 v1.6.1 Font defs for Latin Modern
)
LaTeX Font Info:    Trying to load font information for OML+lmm on input line 1
06.

(C:\Program Files\MiKTeX\tex/latex/lm\omllmm.fd
File: omllmm.fd 2015/05/01 v1.6.1 Font defs for Latin Modern
)
LaTeX Font Info:    Trying to load font information for OMS+lmsy on input line 
106.

(C:\Program Files\MiKTeX\tex/latex/lm\omslmsy.fd
File: omslmsy.fd 2015/05/01 v1.6.1 Font defs for Latin Modern
)
LaTeX Font Info:    Trying to load font information for OMX+lmex on input line 
106.

(C:\Program Files\MiKTeX\tex/latex/lm\omxlmex.fd
File: omxlmex.fd 2015/05/01 v1.6.1 Font defs for Latin Modern
)
LaTeX Font Info:    External font `lmex10' loaded for size
(Font)              <10.95> on input line 106.
LaTeX Font Info:    External font `lmex10' loaded for size
(Font)              <8> on input line 106.
LaTeX Font Info:    External font `lmex10' loaded for size
(Font)              <6> on input line 106.
LaTeX Font Info:    Trying to load font information for U+msa on input line 106
.

(C:\Program Files\MiKTeX\tex/latex/amsfonts\umsa.fd
File: umsa.fd 2013/01/14 v3.01 AMS symbols A
)
LaTeX Font Info:    Trying to load font information for U+msb on input line 106
.

(C:\Program Files\MiKTeX\tex/latex/amsfonts\umsb.fd
File: umsb.fd 2013/01/14 v3.01 AMS symbols B
)
LaTeX Font Info:    Trying to load font information for T1+lmtt on input line 1
06.

(C:\Program Files\MiKTeX\tex/latex/lm\t1lmtt.fd
File: t1lmtt.fd 2015/05/01 v1.6.1 Font defs for Latin Modern
)
LaTeX Font Info:    Trying to load font information for T1+lmss on input line 1
06.

(C:\Program Files\MiKTeX\tex/latex/lm\t1lmss.fd
File: t1lmss.fd 2015/05/01 v1.6.1 Font defs for Latin Modern
) [1

{C:/Users/arnab/AppData/Local/MiKTeX/fonts/map/pdftex/pdftex.map}{C:/Program Fi
les/MiKTeX/fonts/enc/dvips/lm/lm-ec.enc}{C:/Program Files/MiKTeX/fonts/enc/dvip
s/base/8r.enc} <./vignettes/manuscript/jsslogo.jpg>]

Package natbib Warning: Citation `bcf_pkg' on page 2 undefined on input line 12
9.


Package natbib Warning: Citation `bartCause_pkg' on page 2 undefined on input l
ine 132.


Package natbib Warning: Citation `hill2011bart' on page 2 undefined on input li
ne 132.


Package natbib Warning: Citation `BCEE_pkg' on page 2 undefined on input line 1
35.


Package natbib Warning: Citation `talbot2015bcee' on page 2 undefined on input 
line 135.


Package natbib Warning: Citation `dirichletprocess_pkg' on page 2 undefined on 
input line 143.


Package natbib Warning: Citation `jara2011DPpackage' on page 2 undefined on inp
ut line 146.


Package natbib Warning: Citation `canale2021BNPmix' on page 2 undefined on inpu
t line 149.


Package natbib Warning: Citation `evdbayes_pkg' on page 2 undefined on input li
ne 155.


Package natbib Warning: Citation `POT_pkg' on page 2 undefined on input line 15
8.


Package natbib Warning: Citation `durrieu2018extremefit' on page 2 undefined on
 input line 161.

LaTeX Font Info:    Trying to load font information for TS1+lmr on input line 1
68.
(C:\Program Files\MiKTeX\tex/latex/lm\ts1lmr.fd
File: ts1lmr.fd 2015/05/01 v1.6.1 Font defs for Latin Modern
)
Underfull \hbox (badness 1546) in paragraph at lines 168--172
[]\T1/lmr/bx/n/10.95 Bayesian den-sity es-ti-ma-tion and pre-dic-tion with op-t
ional GPD tail:
 []


Overfull \hbox (5.47499pt too wide) has occurred while \output is active
\T1/lmr/m/n/10.95 2 []
 []

[2{C:/Program Files/MiKTeX/fonts/enc/dvips/lm/lm-ts1.enc}]

Package natbib Warning: Citation `Ferguson1973' on page 3 undefined on input li
ne 219.


Package natbib Warning: Citation `Lo1984' on page 3 undefined on input line 219
.


Package natbib Warning: Citation `Sethuraman1994' on page 3 undefined on input 
line 235.


Package natbib Warning: Citation `BlackwellMacQueen1973' on page 3 undefined on
 input line 247.


Package natbib Warning: Citation `Neal2000' on page 3 undefined on input line 2
47.


Package natbib Warning: Citation `EscobarWest1995' on page 3 undefined on input
 line 257.


Package natbib Warning: Citation `Neal2000' on page 3 undefined on input line 2
57.


Overfull \hbox (5.47499pt too wide) has occurred while \output is active
[] \T1/lmr/m/n/10.95 3
 []

[3{C:/Program Files/MiKTeX/fonts/enc/dvips/lm/lm-rm.enc}{C:/Program Files/MiKTe
X/fonts/enc/dvips/lm/lm-mathit.enc}{C:/Program Files/MiKTeX/fonts/enc/dvips/lm/
lm-mathsy.enc}{C:/Program Files/MiKTeX/fonts/enc/dvips/lm/lm-mathex.enc}]

Package natbib Warning: Citation `BalkemaDeHaan1974' on page 4 undefined on inp
ut line 275.


Package natbib Warning: Citation `Pickands1975' on page 4 undefined on input li
ne 275.


Package natbib Warning: Citation `Coles2001' on page 4 undefined on input line 
275.

<figure/gpdDensityFigure-1.pdf, id=77, 505.89pt x 505.89pt>
File: figure/gpdDensityFigure-1.pdf Graphic file (type pdf)
<use figure/gpdDensityFigure-1.pdf>
Package pdftex.def Info: figure/gpdDensityFigure-1.pdf  used on input line 310.

(pdftex.def)             Requested size: 442.65375pt x 442.66037pt.

Overfull \hbox (5.47499pt too wide) has occurred while \output is active
\T1/lmr/m/n/10.95 4 []
 []

[4]

Package natbib Warning: Citation `Frigessi2002' on page 5 undefined on input li
ne 324.


Package natbib Warning: Citation `Behrens2004' on page 5 undefined on input lin
e 324.


Package natbib Warning: Citation `Coles2001' on page 5 undefined on input line 
324.


Overfull \hbox (5.47499pt too wide) has occurred while \output is active
[] \T1/lmr/m/n/10.95 5
 []

[5 <./figure/gpdDensityFigure-1.pdf>]

LaTeX Warning: Reference `sec:overview' on page 6 undefined on input line 354.


Overfull \hbox (5.47499pt too wide) has occurred while \output is active
\T1/lmr/m/n/10.95 6 []
 []

[6]
<figure/splicedDensityFigure-1.pdf, id=119, 505.89pt x 505.89pt>
File: figure/splicedDensityFigure-1.pdf Graphic file (type pdf)
<use figure/splicedDensityFigure-1.pdf>
Package pdftex.def Info: figure/splicedDensityFigure-1.pdf  used on input line 
421.
(pdftex.def)             Requested size: 442.65375pt x 442.66037pt.


Package natbib Warning: Citation `Neyman1923' on page 7 undefined on input line
 432.


Package natbib Warning: Citation `Rubin1974' on page 7 undefined on input line 
432.


Package natbib Warning: Citation `ImbensRubin2015' on page 7 undefined on input
 line 432.


Underfull \vbox (badness 10000) has occurred while \output is active []


Overfull \hbox (5.47499pt too wide) has occurred while \output is active
[] \T1/lmr/m/n/10.95 7
 []

[7 <./figure/splicedDensityFigure-1.pdf>]

Package natbib Warning: Citation `ImbensRubin2015' on page 8 undefined on input
 line 487.


Package natbib Warning: Citation `RosenbaumRubin1983' on page 8 undefined on in
put line 488.


Package natbib Warning: Citation `ImbensRubin2015' on page 8 undefined on input
 line 488.


Package natbib Warning: Citation `RosenbaumRubin1983' on page 8 undefined on in
put line 510.


Overfull \hbox (5.47499pt too wide) has occurred while \output is active
\T1/lmr/m/n/10.95 8 []
 []

[8]

Package natbib Warning: Citation `RosenbaumRubin1983' on page 9 undefined on in
put line 522.

LaTeX Font Info:    Trying to load font information for OT1+lmss on input line 
526.
(C:\Program Files\MiKTeX\tex/latex/lm\ot1lmss.fd
File: ot1lmss.fd 2015/05/01 v1.6.1 Font defs for Latin Modern
)

Package natbib Warning: Citation `Firpo2007' on page 9 undefined on input line 
545.


Overfull \hbox (5.47499pt too wide) has occurred while \output is active
[] \T1/lmr/m/n/10.95 9
 []

[9]
LaTeX Font Info:    Font shape `T1/lmtt/bx/n' in size <10.95> not available
(Font)              Font shape `T1/lmtt/b/n' tried instead on input line 585.

Overfull \hbox (10.94998pt too wide) has occurred while \output is active
\T1/lmr/m/n/10.95 10 []
 []

[10]

LaTeX Warning: Reference `eq:overview-link' on page 11 undefined on input line 
647.


LaTeX Warning: Reference `eq:overview-lik' on page 11 undefined on input line 6
52.


Package natbib Warning: Citation `devalpine2017nimble' on page 11 undefined on 
input line 652.


Package natbib Warning: Citation `nimble_pkg' on page 11 undefined on input lin
e 652.


LaTeX Warning: Reference `subsec:overview-estimation' on page 11 undefined on i
nput line 654.


Package natbib Warning: Citation `Gelman2013BDA' on page 11 undefined on input 
line 654.


Package natbib Warning: Citation `coda_pkg' on page 11 undefined on input line 
654.


Package natbib Warning: Citation `ggmcmc_pkg' on page 11 undefined on input lin
e 654.


Overfull \hbox (10.94998pt too wide) has occurred while \output is active
[] \T1/lmr/m/n/10.95 11
 []

[11]

Package natbib Warning: Citation `Gelman2013BDA' on page 12 undefined on input 
line 690.


Package natbib Warning: Citation `coda_pkg' on page 12 undefined on input line 
690.


Overfull \hbox (10.94998pt too wide) has occurred while \output is active
\T1/lmr/m/n/10.95 12 []
 []

[12]

LaTeX Warning: Reference `subsec:overview-model' on page 13 undefined on input 
line 704.


LaTeX Warning: Reference `subsec:overview-estimation' on page 13 undefined on i
nput line 726.


Overfull \hbox (10.94998pt too wide) has occurred while \output is active
[] \T1/lmr/m/n/10.95 13
 []

[13]
Overfull \hbox (10.94998pt too wide) has occurred while \output is active
\T1/lmr/m/n/10.95 14 []
 []

[14]

LaTeX Warning: Reference `eq:overview_ps_part1' on page 15 undefined on input l
ine 805.


LaTeX Warning: Reference `eq:overview_ps_part2' on page 15 undefined on input l
ine 805.


LaTeX Warning: Reference `eq:overview_augmented_covariate' on page 15 undefined
 on input line 805.


Package natbib Warning: Citation `devalpine2017nimble' on page 15 undefined on 
input line 817.


Package natbib Warning: Citation `nimble_pkg' on page 15 undefined on input lin
e 817.


LaTeX Warning: Reference `eq:overview_ps_part1' on page 15 undefined on input l
ine 823.


LaTeX Warning: Reference `eq:overview_ps_part2' on page 15 undefined on input l
ine 823.


LaTeX Warning: Reference `eq:overview_augmented_covariate' on page 15 undefined
 on input line 823.


Overfull \hbox (10.94998pt too wide) has occurred while \output is active
[] \T1/lmr/m/n/10.95 15
 []

[15]

LaTeX Warning: Reference `eq:overview_augmented_covariate' on page 16 undefined
 on input line 865.


Overfull \hbox (10.94998pt too wide) has occurred while \output is active
\T1/lmr/m/n/10.95 16 []
 []

[16]
Overfull \hbox (45.9886pt too wide) in paragraph at lines 896--896
[]  []\T1/lmtt/m/n/10.95 mcmc_outcome[] []=[] []\T1/lmtt/b/n/10.95 list[][]\T1/
lmtt/m/n/10.95 ([][]niter[] []=[] []2500[][],[] []nburnin[] []=[] []800[][],[] 
[]thin[] []=[] []5[][],[] []nchains[] []=[] []1[][],[] []seed[] []=[] []11[][])
,[][] 
 []


Overfull \hbox (40.23987pt too wide) in paragraph at lines 897--897
[]  []\T1/lmtt/m/n/10.95 mcmc_ps[]      []=[] []\T1/lmtt/b/n/10.95 list[][]\T1/
lmtt/m/n/10.95 ([][]niter[] []=[] []2000[][],[] []nburnin[] []=[] []600[][],[] 
[]thin[] []=[] []5[][],[] []nchains[] []=[] []1[][],[] []seed[] []=[] []12[][])
[][] 
 []


Overfull \hbox (22.99367pt too wide) in paragraph at lines 902--902
[][]\T1/lmtt/m/n/10.95 qte_hat[] []<-[] []\T1/lmtt/b/n/10.95 qte[][]\T1/lmtt/m/
n/10.95 (cfit,[] []probs[] []=[] []\T1/lmtt/b/n/10.95 c[][]\T1/lmtt/m/n/10.95 (
[][]0.50[][],[] []0.90[][],[] []0.95[][]),[] []level[] []=[] []0.90[][],[] []in
terval[] []=[] []"hpd"[][])[][] 
 []


Overfull \hbox (5.74747pt too wide) in paragraph at lines 913--913
[][]\T1/lmtt/m/n/10.95 pred_q[] []<-[] []\T1/lmtt/b/n/10.95 predict[][]\T1/lmtt
/m/n/10.95 (cfit,[] []newdata[] []= Xgrid,[] []type[] []=[] []"quantile"[][],[]
 []p[] []=[] []\T1/lmtt/b/n/10.95 c[][]\T1/lmtt/m/n/10.95 ([][]0.50[][],[] []0.
90[][]))[][] 
 []


Overfull \hbox (40.23987pt too wide) in paragraph at lines 914--914
[][]\T1/lmtt/m/n/10.95 pred_s[] []<-[] []\T1/lmtt/b/n/10.95 predict[][]\T1/lmtt
/m/n/10.95 (cfit,[] []newdata[] []= Xgrid,[] []type[] []=[] []"survival"[][],[]
 []y[] []=[] []\T1/lmtt/b/n/10.95 rep[][]\T1/lmtt/m/n/10.95 ([][]4[][],[] []\T1
/lmtt/b/n/10.95 nrow[][]\T1/lmtt/m/n/10.95 (Xgrid)))[][] 
 []


Overfull \hbox (10.94998pt too wide) has occurred while \output is active
[] \T1/lmr/m/n/10.95 17
 []

[17] (vignettes/manuscript/CausalMixGPD_JSS_article.bbl
Overfull \hbox (10.94998pt too wide) has occurred while \output is active
\T1/lmr/m/n/10.95 18 []
 []

[18]
Overfull \hbox (10.94998pt too wide) has occurred while \output is active
[] \T1/lmr/m/n/10.95 19
 []

[19])

Package natbib Warning: There were undefined citations.

LaTeX Font Info:    Font shape `T1/pzc/m/n' in size <13> not available
(Font)              Font shape `T1/pzc/m/it' tried instead on input line 932.

Overfull \hbox (10.94998pt too wide) has occurred while \output is active
\T1/lmr/m/n/10.95 20 []
 []

[20] (CausalMixGPD_JSS_article.aux

Package natbib Warning: Citation(s) may have changed.
(natbib)                Rerun to get citations correct.

)
 ***********
LaTeX2e <2025-11-01>
L3 programming layer <2026-01-19>
 ***********


LaTeX Warning: There were undefined references.


LaTeX Warning: Label(s) may have changed. Rerun to get cross-references right.


Package rerunfilecheck Warning: File `CausalMixGPD_JSS_article.out' has changed
.
(rerunfilecheck)                Rerun to get outlines right
(rerunfilecheck)                or use package `bookmark'.

Package rerunfilecheck Info: Checksums for `CausalMixGPD_JSS_article.out':
(rerunfilecheck)             Before: 6BF7E7A7CCAE3376688ACC1D4D775E3B;2086
(rerunfilecheck)             After:  DDF057630FD67121B6C506E41CE22184;7462.
 ) 
Here is how much of TeX's memory you used:
 12317 strings out of 467866
 189330 string characters out of 5428392
 613818 words of memory out of 5000000
 40831 multiletter control sequences out of 15000+600000
 721666 words of font info for 97 fonts, out of 8000000 for 9000
 1141 hyphenation exceptions out of 8191
 90i,14n,96p,1070b,589s stack positions out of 10000i,1000n,20000p,200000b,200000s
<C:/Program Files/MiKTeX/fonts/type1/public/lm/lmbx10.pfb><C:/Program Files/M
iKTeX/fonts/type1/public/lm/lmbx12.pfb><C:/Program Files/MiKTeX/fonts/type1/pub
lic/lm/lmex10.pfb><C:/Program Files/MiKTeX/fonts/type1/public/lm/lmmi10.pfb><C:
/Program Files/MiKTeX/fonts/type1/public/lm/lmmi6.pfb><C:/Program Files/MiKTeX/
fonts/type1/public/lm/lmmi8.pfb><C:/Program Files/MiKTeX/fonts/type1/public/lm/
lmmib10.pfb><C:/Program Files/MiKTeX/fonts/type1/public/lm/lmr10.pfb><C:/Progra
m Files/MiKTeX/fonts/type1/public/lm/lmr8.pfb><C:/Program Files/MiKTeX/fonts/ty
pe1/public/lm/lmri10.pfb><C:/Program Files/MiKTeX/fonts/type1/public/lm/lmri12.
pfb><C:/Program Files/MiKTeX/fonts/type1/public/lm/lmro10.pfb><C:/Program Files
/MiKTeX/fonts/type1/public/lm/lmss10.pfb><C:/Program Files/MiKTeX/fonts/type1/p
ublic/lm/lmss8.pfb><C:/Program Files/MiKTeX/fonts/type1/public/lm/lmsy10.pfb><C
:/Program Files/MiKTeX/fonts/type1/public/lm/lmsy8.pfb><C:/Program Files/MiKTeX
/fonts/type1/public/lm/lmtk10.pfb><C:/Program Files/MiKTeX/fonts/type1/public/l
m/lmtt10.pfb><C:/Program Files/MiKTeX/fonts/type1/public/lm/lmtti10.pfb><C:/Pro
gram Files/MiKTeX/fonts/type1/public/amsfonts/symbols/msbm10.pfb><C:/Program Fi
les/MiKTeX/fonts/type1/urw/zapfchan/uzcmi8a.pfb>
Output written on CausalMixGPD_JSS_article.pdf (20 pages, 602873 bytes).
PDF statistics:
 496 PDF objects out of 1000 (max. 8388607)
 139 named destinations out of 1000 (max. 500000)
 64 words of extra memory for PDF output out of 10000 (max. 10000000)

