Defining model
Building model
Setting data and initial values
Checking model sizes and dimensions
  [Note] This model is not fully initialized. This is not an error.
         To see which variables are not initialized, use model$initializeInfo().
         For more information on model initialization, see help(modelInitialization).
Checking model calculations
Compiling
  [Note] This may take a minute.
  [Note] Use 'showCompilerOutput = TRUE' to see C++ compilation details.
Compiling
  [Note] This may take a minute.
  [Note] Use 'showCompilerOutput = TRUE' to see C++ compilation details.
running chain 1...
Defining model
  [Note] 'P' is provided in 'constants' but not used in the model code and is being ignored.
Building model
Setting data and initial values
  [Note] 'X' is provided in 'data' but is not a variable in the model and is being ignored.
  [Note] 'ps' is provided in 'data' but is not a variable in the model and is being ignored.
Checking model sizes and dimensions
  [Note] This model is not fully initialized. This is not an error.
         To see which variables are not initialized, use model$initializeInfo().
         For more information on model initialization, see help(modelInitialization).
Checking model calculations
  [Warning] sampler_CRP: The number of clusters based on the cluster parameters
            is less than the number of potential clusters. The MCMC is not
            strictly valid if it ever proposes more components than cluster
            parameters exist; NIMBLE will warn you if this occurs.
Compiling
  [Note] This may take a minute.
  [Note] Use 'showCompilerOutput = TRUE' to see C++ compilation details.
Compiling
  [Note] This may take a minute.
  [Note] Use 'showCompilerOutput = TRUE' to see C++ compilation details.
  [Warning] To calculate WAIC, set 'WAIC = TRUE', in addition to having enabled WAIC in building the MCMC.
running chain 1...
Compiling
  [Note] This may take a minute.
  [Note] Use 'showCompilerOutput = TRUE' to see C++ compilation details.
Calculating WAIC.
Defining model
Building model
Setting data and initial values
Checking model sizes and dimensions
  [Note] This model is not fully initialized. This is not an error.
         To see which variables are not initialized, use model$initializeInfo().
         For more information on model initialization, see help(modelInitialization).
Checking model calculations
  [Note] Assigning an RW_block sampler to nodes with very different scales can result in low MCMC efficiency.  If all nodes assigned to RW_block are not on a similar scale, we recommend providing an informed value for the "propCov" control list argument, or using the "barker" sampler instead.
Compiling
  [Note] This may take a minute.
  [Note] Use 'showCompilerOutput = TRUE' to see C++ compilation details.
Compiling
  [Note] This may take a minute.
  [Note] Use 'showCompilerOutput = TRUE' to see C++ compilation details.
  [Warning] To calculate WAIC, set 'WAIC = TRUE', in addition to having enabled WAIC in building the MCMC.
running chain 1...
[cluster] Validating configuration
[cluster] Checking build/compile cache
[cluster] Building model and MCMC configuration
  [Note] Assigning an RW_block sampler to nodes with very different scales can result in low MCMC efficiency.  If all nodes assigned to RW_block are not on a similar scale, we recommend providing an informed value for the "propCov" control list argument, or using the "barker" sampler instead.
[cluster] Compiling NIMBLE model
[cluster] Initializing chains
[cluster] Running MCMC
[cluster] Finalizing WAIC and diagnostics
[cluster] Assembling fit object
  [Note] Assigning an RW_block sampler to nodes with very different scales can result in low MCMC efficiency.  If all nodes assigned to RW_block are not on a similar scale, we recommend providing an informed value for the "propCov" control list argument, or using the "barker" sampler instead.
[predict_mixgpd] Validating prediction inputs
[predict_mixgpd] Extracting posterior draws
[predict_mixgpd] Computing posterior summaries
[predict_mixgpd] Assembling prediction output
[predict_mixgpd] Validating prediction inputs
[predict_mixgpd] Extracting posterior draws
[predict_mixgpd] Computing posterior summaries
[predict_mixgpd] Assembling prediction output
[predict_mixgpd] Validating prediction inputs
[predict_mixgpd] Extracting posterior draws
[predict_mixgpd] Computing posterior summaries
[predict_mixgpd] Assembling prediction output
[predict_mixgpd] Validating prediction inputs
[predict_mixgpd] Extracting posterior draws
[predict_mixgpd] Computing posterior summaries
[predict_mixgpd] Assembling prediction output
[predict_mixgpd] Validating prediction inputs
[predict_mixgpd] Extracting posterior draws
[predict_mixgpd] Computing posterior summaries
[predict_mixgpd] Assembling prediction output
[predict_mixgpd] Validating prediction inputs
[predict_mixgpd] Extracting posterior draws
[predict_mixgpd] Computing posterior summaries
[predict_mixgpd] Assembling prediction output
[predict_mixgpd] Validating prediction inputs
[predict_mixgpd] Extracting posterior draws
[predict_mixgpd] Computing posterior summaries
[predict_mixgpd] Assembling prediction output
[predict_mixgpd] Validating prediction inputs
[predict_mixgpd] Extracting posterior draws
[predict_mixgpd] Computing posterior summaries
[predict_mixgpd] Assembling prediction output
[predict_mixgpd] Validating prediction inputs
[predict_mixgpd] Extracting posterior draws
[predict_mixgpd] Computing posterior summaries
[predict_mixgpd] Assembling prediction output
Defining model
Building model
Setting data and initial values
Checking model sizes and dimensions
  [Note] This model is not fully initialized. This is not an error.
         To see which variables are not initialized, use model$initializeInfo().
         For more information on model initialization, see help(modelInitialization).
Checking model calculations
  [Note] Assigning an RW_block sampler to nodes with very different scales can result in low MCMC efficiency.  If all nodes assigned to RW_block are not on a similar scale, we recommend providing an informed value for the "propCov" control list argument, or using the "barker" sampler instead.
Compiling
  [Note] This may take a minute.
  [Note] Use 'showCompilerOutput = TRUE' to see C++ compilation details.
Compiling
  [Note] This may take a minute.
  [Note] Use 'showCompilerOutput = TRUE' to see C++ compilation details.
  [Warning] To calculate WAIC, set 'WAIC = TRUE', in addition to having enabled WAIC in building the MCMC.
running chain 1...
[predict_mixgpd] Validating prediction inputs
[predict_mixgpd] Extracting posterior draws
[predict_mixgpd] Computing posterior summaries
[predict_mixgpd] Assembling prediction output
[predict_mixgpd] Validating prediction inputs
[predict_mixgpd] Extracting posterior draws
[predict_mixgpd] Computing posterior summaries
[predict_mixgpd] Assembling prediction output
[predict_mixgpd] Validating prediction inputs
[predict_mixgpd] Extracting posterior draws
[predict_mixgpd] Computing posterior summaries
[predict_mixgpd] Assembling prediction output
[cluster] Validating configuration
[cluster] Checking build/compile cache
[cluster] Building model and MCMC configuration
  [Note] Assigning an RW_block sampler to nodes with very different scales can result in low MCMC efficiency.  If all nodes assigned to RW_block are not on a similar scale, we recommend providing an informed value for the "propCov" control list argument, or using the "barker" sampler instead.
[cluster] Compiling NIMBLE model
[cluster] Initializing chains
[cluster] Running MCMC
[cluster] Finalizing WAIC and diagnostics
[cluster] Assembling fit object
[cluster] Validating configuration
[cluster] Checking build/compile cache
[cluster] Building model and MCMC configuration
  [Note] Assigning an RW_block sampler to nodes with very different scales can result in low MCMC efficiency.  If all nodes assigned to RW_block are not on a similar scale, we recommend providing an informed value for the "propCov" control list argument, or using the "barker" sampler instead.
[cluster] Compiling NIMBLE model
[cluster] Initializing chains
[cluster] Running MCMC
[cluster] Finalizing WAIC and diagnostics
[cluster] Assembling fit object
[cluster] Validating configuration
[cluster] Checking build/compile cache
[MCMC] Reusing cached build/compile.
[cluster] Building model and MCMC configuration (cached)
[cluster] Compiling NIMBLE model (cached)
[cluster] Initializing chains
[cluster] Running MCMC
[cluster] Finalizing WAIC and diagnostics
[cluster] Assembling fit object
  [Note] Assigning an RW_block sampler to nodes with very different scales can result in low MCMC efficiency.  If all nodes assigned to RW_block are not on a similar scale, we recommend providing an informed value for the "propCov" control list argument, or using the "barker" sampler instead.
  [Note] Assigning an RW_block sampler to nodes with very different scales can result in low MCMC efficiency.  If all nodes assigned to RW_block are not on a similar scale, we recommend providing an informed value for the "propCov" control list argument, or using the "barker" sampler instead.
[predict_mixgpd] Validating prediction inputs
[predict_mixgpd] Extracting posterior draws
[predict_mixgpd] Computing posterior summaries
[predict_mixgpd] Assembling prediction output
[predict_mixgpd] Validating prediction inputs
[predict_mixgpd] Extracting posterior draws
[predict_mixgpd] Computing posterior summaries
[predict_mixgpd] Assembling prediction output
[predict_mixgpd] Validating prediction inputs
[predict_mixgpd] Extracting posterior draws
[predict_mixgpd] Computing posterior summaries
[predict_mixgpd] Assembling prediction output
[predict_mixgpd] Validating prediction inputs
[predict_mixgpd] Extracting posterior draws
[predict_mixgpd] Computing posterior summaries
[predict_mixgpd] Assembling prediction output
Scale for colour is already present.
Adding another scale for colour, which will replace the existing scale.
Scale for colour is already present.
Adding another scale for colour, which will replace the existing scale.
  [Note] Assigning an RW_block sampler to nodes with very different scales can result in low MCMC efficiency.  If all nodes assigned to RW_block are not on a similar scale, we recommend providing an informed value for the "propCov" control list argument, or using the "barker" sampler instead.
  [Note] Assigning an RW_block sampler to nodes with very different scales can result in low MCMC efficiency.  If all nodes assigned to RW_block are not on a similar scale, we recommend providing an informed value for the "propCov" control list argument, or using the "barker" sampler instead.
Scale for colour is already present.
Adding another scale for colour, which will replace the existing scale.
Scale for colour is already present.
Adding another scale for colour, which will replace the existing scale.
Scale for colour is already present.
Adding another scale for colour, which will replace the existing scale.
Scale for colour is already present.
Adding another scale for colour, which will replace the existing scale.
Scale for fill is already present.
Adding another scale for fill, which will replace the existing scale.
Scale for colour is already present.
Adding another scale for colour, which will replace the existing scale.
Scale for colour is already present.
Adding another scale for colour, which will replace the existing scale.
Scale for colour is already present.
Adding another scale for colour, which will replace the existing scale.
Scale for colour is already present.
Adding another scale for colour, which will replace the existing scale.
Scale for fill is already present.
Adding another scale for fill, which will replace the existing scale.
[cluster] Validating configuration
[cluster] Checking build/compile cache
[cluster] Building model and MCMC configuration
  [Note] Assigning an RW_block sampler to nodes with very different scales can result in low MCMC efficiency.  If all nodes assigned to RW_block are not on a similar scale, we recommend providing an informed value for the "propCov" control list argument, or using the "barker" sampler instead.
[cluster] Compiling NIMBLE model
[cluster] Initializing chains
[cluster] Running MCMC
[cluster] Finalizing WAIC and diagnostics
[cluster] Assembling fit object
  [Note] Assigning an RW_block sampler to nodes with very different scales can result in low MCMC efficiency.  If all nodes assigned to RW_block are not on a similar scale, we recommend providing an informed value for the "propCov" control list argument, or using the "barker" sampler instead.
[predict_mixgpd] Validating prediction inputs
[predict_mixgpd] Extracting posterior draws
[predict_mixgpd] Computing posterior summaries
[predict_mixgpd] Assembling prediction output
[predict_mixgpd] Validating prediction inputs
[predict_mixgpd] Extracting posterior draws
[predict_mixgpd] Computing posterior summaries
[predict_mixgpd] Assembling prediction output
[cluster] Validating configuration
[cluster] Checking build/compile cache
[MCMC] Reusing cached build/compile.
[cluster] Building model and MCMC configuration (cached)
[cluster] Compiling NIMBLE model (cached)
[cluster] Initializing chains
[cluster] Running MCMC
[cluster] Finalizing WAIC and diagnostics
[cluster] Assembling fit object
Scale for colour is already present.
Adding another scale for colour, which will replace the existing scale.
[cluster] Validating configuration
[cluster] Checking build/compile cache
[MCMC] Reusing cached build/compile.
[cluster] Building model and MCMC configuration (cached)
[cluster] Compiling NIMBLE model (cached)
[cluster] Initializing chains
[cluster] Running MCMC
[cluster] Finalizing WAIC and diagnostics
[cluster] Assembling fit object
[cluster] Validating configuration
[cluster] Checking build/compile cache
[MCMC] Reusing cached build/compile.
[cluster] Building model and MCMC configuration (cached)
[cluster] Compiling NIMBLE model (cached)
[cluster] Initializing chains
[cluster] Running MCMC
[cluster] Finalizing WAIC and diagnostics
[cluster] Assembling fit object
[cluster] Validating configuration
[cluster] Checking build/compile cache
[MCMC] Reusing cached build/compile.
[cluster] Building model and MCMC configuration (cached)
[cluster] Compiling NIMBLE model (cached)
[cluster] Initializing chains
[cluster] Running MCMC
[cluster] Finalizing WAIC and diagnostics
[cluster] Assembling fit object
[cluster] Validating configuration
[cluster] Checking build/compile cache
[cluster] Building model and MCMC configuration
[cluster] Compiling NIMBLE model
[cluster] Initializing chains
[cluster] Running MCMC
[cluster] Finalizing WAIC and diagnostics
[cluster] Assembling fit object
[cluster] Validating configuration
[cluster] Checking build/compile cache
[cluster] Building model and MCMC configuration
  [Note] Assigning an RW_block sampler to nodes with very different scales can result in low MCMC efficiency.  If all nodes assigned to RW_block are not on a similar scale, we recommend providing an informed value for the "propCov" control list argument, or using the "barker" sampler instead.
[cluster] Compiling NIMBLE model
[cluster] Initializing chains
[cluster] Running MCMC
[cluster] Finalizing WAIC and diagnostics
[cluster] Assembling fit object
[cluster] Validating configuration
[cluster] Checking build/compile cache
[MCMC] Reusing cached build/compile.
[cluster] Building model and MCMC configuration (cached)
[cluster] Compiling NIMBLE model (cached)
[cluster] Initializing chains
[cluster] Running MCMC
[cluster] Finalizing WAIC and diagnostics
[cluster] Assembling fit object
[cluster] Validating configuration
[cluster] Checking build/compile cache
[cluster] Building model and MCMC configuration
  [Note] Assigning an RW_block sampler to nodes with very different scales can result in low MCMC efficiency.  If all nodes assigned to RW_block are not on a similar scale, we recommend providing an informed value for the "propCov" control list argument, or using the "barker" sampler instead.
[cluster] Compiling NIMBLE model
[cluster] Initializing chains
[cluster] Running MCMC
[cluster] Finalizing WAIC and diagnostics
[cluster] Assembling fit object
[cluster] Validating configuration
[cluster] Checking build/compile cache
[cluster] Building model and MCMC configuration
  [Note] Assigning an RW_block sampler to nodes with very different scales can result in low MCMC efficiency.  If all nodes assigned to RW_block are not on a similar scale, we recommend providing an informed value for the "propCov" control list argument, or using the "barker" sampler instead.
[cluster] Compiling NIMBLE model
[cluster] Initializing chains
[cluster] Running MCMC
[cluster] Finalizing WAIC and diagnostics
[cluster] Assembling fit object
[cluster] Validating configuration
[cluster] Checking build/compile cache
[cluster] Building model and MCMC configuration
  [Note] Assigning an RW_block sampler to nodes with very different scales can result in low MCMC efficiency.  If all nodes assigned to RW_block are not on a similar scale, we recommend providing an informed value for the "propCov" control list argument, or using the "barker" sampler instead.
[cluster] Compiling NIMBLE model
[cluster] Initializing chains
[cluster] Running MCMC
[cluster] Finalizing WAIC and diagnostics
[cluster] Assembling fit object
Defining model
  [Note] 'P' is provided in 'constants' but not used in the model code and is being ignored.
Building model
Setting data and initial values
Checking model sizes and dimensions
  [Note] This model is not fully initialized. This is not an error.
         To see which variables are not initialized, use model$initializeInfo().
         For more information on model initialization, see help(modelInitialization).
Checking model calculations
Compiling
  [Note] This may take a minute.
  [Note] Use 'showCompilerOutput = TRUE' to see C++ compilation details.
Compiling
  [Note] This may take a minute.
  [Note] Use 'showCompilerOutput = TRUE' to see C++ compilation details.
  [Warning] To calculate WAIC, set 'WAIC = TRUE', in addition to having enabled WAIC in building the MCMC.
running chain 1...
[MCMC] Reusing cached build/compile.
  [Warning] To calculate WAIC, set 'WAIC = TRUE', in addition to having enabled WAIC in building the MCMC.
running chain 1...
Defining model
  [Note] 'P' is provided in 'constants' but not used in the model code and is being ignored.
Building model
Setting data and initial values
Checking model sizes and dimensions
  [Note] This model is not fully initialized. This is not an error.
         To see which variables are not initialized, use model$initializeInfo().
         For more information on model initialization, see help(modelInitialization).
Checking model calculations
Compiling
  [Note] This may take a minute.
  [Note] Use 'showCompilerOutput = TRUE' to see C++ compilation details.
Compiling
  [Note] This may take a minute.
  [Note] Use 'showCompilerOutput = TRUE' to see C++ compilation details.
  [Warning] To calculate WAIC, set 'WAIC = TRUE', in addition to having enabled WAIC in building the MCMC.
running chain 1...
running chain 2...
