Defining model
Building model
Setting data and initial values
Checking model sizes and dimensions
  [Note] This model is not fully initialized. This is not an error.
         To see which variables are not initialized, use model$initializeInfo().
         For more information on model initialization, see help(modelInitialization).
Checking model calculations
Compiling
  [Note] This may take a minute.
  [Note] Use 'showCompilerOutput = TRUE' to see C++ compilation details.
Compiling
  [Note] This may take a minute.
  [Note] Use 'showCompilerOutput = TRUE' to see C++ compilation details.
running chain 1...
Defining model
  [Note] 'P' is provided in 'constants' but not used in the model code and is being ignored.
Building model
Setting data and initial values
  [Note] 'X' is provided in 'data' but is not a variable in the model and is being ignored.
  [Note] 'ps' is provided in 'data' but is not a variable in the model and is being ignored.
Checking model sizes and dimensions
  [Note] This model is not fully initialized. This is not an error.
         To see which variables are not initialized, use model$initializeInfo().
         For more information on model initialization, see help(modelInitialization).
Checking model calculations
  [Warning] sampler_CRP: The number of clusters based on the cluster parameters
            is less than the number of potential clusters. The MCMC is not
            strictly valid if it ever proposes more components than cluster
            parameters exist; NIMBLE will warn you if this occurs.
Compiling
  [Note] This may take a minute.
  [Note] Use 'showCompilerOutput = TRUE' to see C++ compilation details.
^C