CausalMixGPD coverage helper loaded.
Run `coverage_report()` to build the full local test coverage report.

Running full local coverage pipeline.
============================================================
Building Coverage Report
============================================================
Pipeline: tests / ci
Canonical output directory: covr/assets
Published mirror directory: docs/coverage

Step 1/6: Calculating coverage...
Calculating coverage from tests only.
Test level: ci 

Coverage mode: file 
Test passed with 20 successes 🌈.
Test passed with 26 successes 🎉.
Test passed with 34 successes 🥇.
===== Monitors =====
thin = 1: beta
===== Samplers =====
RW sampler (4)
  - beta[]  (4 elements)
===== Monitors =====
thin = 1: alpha, scale, shape, z
===== Samplers =====
CRP_concentration sampler (1)
  - alpha
CRP_cluster_wrapper sampler (6)
  - scale[]  (3 elements)
  - shape[]  (3 elements)
CRP sampler (1)
  - z[1:9] 
  [Warning] CRP_sampler: This MCMC is not for a proper model. The MCMC attempted to use more components than the number of cluster parameters. Please increase the number of cluster parameters.
===== Monitors =====
thin = 1: alpha, beta_mean, beta_ps_mean, sd, w
===== Samplers =====
conjugate sampler (3)
  - sd[]  (3 elements)
categorical sampler (17)
  - z[]  (17 elements)
RW sampler (15)
  - alpha
  - beta_mean[]  (9 elements)
  - beta_ps_mean[]  (3 elements)
  - v[]  (2 elements)
Test passed with 5 successes 🎊.
Test passed with 20 successes 😸.
Test passed with 14 successes 🥳.
Test passed with 284 successes 🥇.
Test passed with 19 successes 🥇.
Test passed with 3 successes 😸.
── Skip: coverage-only suite exercises causal workflows and treatment-effect methods ──
Reason: Skipping causal workflow coverage block under covr to avoid custom GPD kernel availability issues
── Skip: coverage-only suite exercises causal GPD wrapper path ─────────────────
Reason: Skipping causal GPD wrapper block under covr to avoid custom GPD kernel availability issues
Test passed with 16 successes 🎊.
── Skip: extract_site_map handles strict internal links and normalization ──────
Reason: site-map tool scripts are not present in this workspace.
── Skip: analyze_site_map gate follows broken-link and workflow-chain policy ───
Reason: site-map tool scripts are not present in this workspace.
Test passed with 3 successes 🥇.
Test passed with 3 successes 🥇.
Test passed with 3 successes 🥇.
Test passed with 2 successes 🥇.
Test passed with 1 success 😀.
Test passed with 1 success 😀.
Test passed with 1 success 🥳.
Test passed with 3 successes 🥳.
Test passed with 1 success 🎉.
Test passed with 1 success 🎉.
Test passed with 8 successes 🎉.
Test passed with 1 success 🎉.
Test passed with 5 successes 🎉.
Test passed with 2 successes 😸.
Test passed with 2 successes 🎉.
Test passed with 14 successes 🥳.
Test passed with 3 successes 🥇.
Test passed with 2 successes 🎊.
Test passed with 1 success 🎉.
Test passed with 1 success 🎉.
Test passed with 2 successes 🥇.
Test passed with 2 successes 🥇.
Test passed with 2 successes 😸.
Test passed with 2 successes 🎉.
Test passed with 3 successes 🎉.
Test passed with 2 successes 🥳.
Test passed with 9 successes 🎊.
Test passed with 2 successes 🥇.
Test passed with 7 successes 🥇.
── Skip: PIT residuals include diagnostics and drop invalid draws ──────────────
Reason: Fixture not found: tests/testthat/fixtures/fit_cond_small.rds
── Skip: predict(type='mean') returns Inf when xi >= 1 and rmean stays finite ──
Reason: Fixture not found: tests/testthat/fixtures/fit_gpd_small.rds
Test passed with 2 successes 🌈.
Test passed with 1 success 🎉.
Test passed with 1 success 🥇.
Test passed with 1 success 🎉.
Test passed with 1 success 🥇.
Test passed with 2 successes 🎉.
Test passed with 4 successes 🌈.
Test passed with 2 successes 😀.
Test passed with 3 successes 🌈.
Test passed with 4 successes 😀.
Test passed with 3 successes 😀.
Test passed with 1 success 😸.
Test passed with 1 success 😸.
Test passed with 4 successes 😀.
Test passed with 1 success 🥇.
Test passed with 1 success 🥳.
Test passed with 1 success 🥳.
Test passed with 1 success 🥳.
Test passed with 1 success 🎉.
Test passed with 1 success 😸.
Test passed with 69 successes 🎊.
── Skip: cluster helpers cover design parsing and override branches ────────────
Reason: Skipping cluster helper coverage block under covr
── Skip: causal bundle and fit workflows cover PS and arm-specific branches ────
Reason: Skipping causal coverage block under covr
Test passed with 12 successes 🌈.
Test passed with 11 successes 😸.
Test passed with 25 successes 🎉.
Test passed with 3 successes 🥳.
Test passed with 26 successes 🎉.
── Warning: coverage-heavy causal methods and summaries cover methods branches ──
Arguments in `...` must be used.
x Problematic argument:
* group = Chain
i Did you misspell an argument name?
Backtrace:
     ▆
  1. ├─base::plot(fit, arm = "both") at fragments/integration/coverage_heavy.R:623:3
  2. ├─plot.causalmixgpd_causal_fit(fit, arm = "both")
  3. │ └─plot.mixgpd_fit(x$outcome_fit$trt, ...)
  4. │   └─ggmcmc::ggs_compare_partial(D, family = NA, ...)
  5. │     ├─ggplot2::ggplot(...)
  6. │     └─ggplot2:::ggplot.default(...)
  7. │       └─ggplot2::fortify(data, ...)
  8. │         └─rlang (local) `<fn>`()
  9. │           └─rlang:::check_dots(env, error, action, call)
 10. │             └─rlang:::action_dots(...)
 11. │               ├─rlang (local) try_dots(...)
 12. │               │ └─rlang::try_fetch(expr, error = error)
 13. │               │   ├─base::tryCatch(...)
 14. │               │   │ └─base (local) tryCatchList(expr, classes, parentenv, handlers)
 15. │               │   │   └─base (local) tryCatchOne(expr, names, parentenv, handlers[[1L]])
 16. │               │   │     └─base (local) doTryCatch(return(expr), name, parentenv, handler)
 17. │               │   └─base::withCallingHandlers(...)
 18. │               └─rlang (local) action(...)
 19. │                 └─rlang:::signal_abort(cnd, .file)
 20. │                   └─base::signalCondition(cnd)
 21. └─rlang (local) `<fn>`(`<rlb_rr__>`)
 22.   └─handlers[[1L]](cnd)
 23.     └─cli::cli_warn(msg, call = call)
── Warning: coverage-heavy causal methods and summaries cover methods branches ──
nLags=50 is larger than number of iterations, computing until max possible lag 35
Backtrace:
    ▆
 1. ├─base::plot(fit, arm = "both") at fragments/integration/coverage_heavy.R:623:3
 2. └─plot.causalmixgpd_causal_fit(fit, arm = "both")
 3.   └─plot.mixgpd_fit(x$outcome_fit$trt, ...)
 4.     └─ggmcmc::ggs_autocorrelation(D, family = NA, nLags = nLags, ...)
── Warning: coverage-heavy causal methods and summaries cover methods branches ──
the standard deviation is zero
Backtrace:
     ▆
  1. ├─base::plot(fit, arm = "both") at fragments/integration/coverage_heavy.R:623:3
  2. ├─plot.causalmixgpd_causal_fit(fit, arm = "both")
  3. │ └─plot.mixgpd_fit(x$outcome_fit$trt, ...)
  4. │   └─ggmcmc::ggs_autocorrelation(D, family = NA, nLags = nLags, ...)
  5. │     └─D %>% dplyr::group_by(Parameter, Chain) %>% ...
  6. ├─dplyr::do(., ac(.$value, nLags))
  7. ├─dplyr:::do.grouped_df(., ac(.$value, nLags))
  8. │ └─rlang::eval_tidy(args[[j]], mask)
  9. └─ggmcmc::ac(.$value, nLags)
 10.   ├─base::data.frame(...)
 11.   └─stats::cor(X, use = "pairwise.complete.obs")
── Warning: coverage-heavy causal methods and summaries cover methods branches ──
the standard deviation is zero
Backtrace:
     ▆
  1. ├─base::plot(fit, arm = "both") at fragments/integration/coverage_heavy.R:623:3
  2. ├─plot.causalmixgpd_causal_fit(fit, arm = "both")
  3. │ └─plot.mixgpd_fit(x$outcome_fit$trt, ...)
  4. │   └─ggmcmc::ggs_autocorrelation(D, family = NA, nLags = nLags, ...)
  5. │     └─D %>% dplyr::group_by(Parameter, Chain) %>% ...
  6. ├─dplyr::do(., ac(.$value, nLags))
  7. ├─dplyr:::do.grouped_df(., ac(.$value, nLags))
  8. │ └─rlang::eval_tidy(args[[j]], mask)
  9. └─ggmcmc::ac(.$value, nLags)
 10.   ├─base::data.frame(...)
 11.   └─stats::cor(X, use = "pairwise.complete.obs")
── Warning: coverage-heavy causal methods and summaries cover methods branches ──
the standard deviation is zero
Backtrace:
     ▆
  1. ├─base::plot(fit, arm = "both") at fragments/integration/coverage_heavy.R:623:3
  2. ├─plot.causalmixgpd_causal_fit(fit, arm = "both")
  3. │ └─plot.mixgpd_fit(x$outcome_fit$trt, ...)
  4. │   └─ggmcmc::ggs_autocorrelation(D, family = NA, nLags = nLags, ...)
  5. │     └─D %>% dplyr::group_by(Parameter, Chain) %>% ...
  6. ├─dplyr::do(., ac(.$value, nLags))
  7. ├─dplyr:::do.grouped_df(., ac(.$value, nLags))
  8. │ └─rlang::eval_tidy(args[[j]], mask)
  9. └─ggmcmc::ac(.$value, nLags)
 10.   ├─base::data.frame(...)
 11.   └─stats::cor(X, use = "pairwise.complete.obs")
── Warning: coverage-heavy causal methods and summaries cover methods branches ──
the standard deviation is zero
Backtrace:
     ▆
  1. ├─base::plot(fit, arm = "both") at fragments/integration/coverage_heavy.R:623:3
  2. ├─plot.causalmixgpd_causal_fit(fit, arm = "both")
  3. │ └─plot.mixgpd_fit(x$outcome_fit$trt, ...)
  4. │   └─ggmcmc::ggs_autocorrelation(D, family = NA, nLags = nLags, ...)
  5. │     └─D %>% dplyr::group_by(Parameter, Chain) %>% ...
  6. ├─dplyr::do(., ac(.$value, nLags))
  7. ├─dplyr:::do.grouped_df(., ac(.$value, nLags))
  8. │ └─rlang::eval_tidy(args[[j]], mask)
  9. └─ggmcmc::ac(.$value, nLags)
 10.   ├─base::data.frame(...)
 11.   └─stats::cor(X, use = "pairwise.complete.obs")
── Warning: coverage-heavy causal methods and summaries cover methods branches ──
the standard deviation is zero
Backtrace:
     ▆
  1. ├─base::plot(fit, arm = "both") at fragments/integration/coverage_heavy.R:623:3
  2. ├─plot.causalmixgpd_causal_fit(fit, arm = "both")
  3. │ └─plot.mixgpd_fit(x$outcome_fit$trt, ...)
  4. │   └─ggmcmc::ggs_autocorrelation(D, family = NA, nLags = nLags, ...)
  5. │     └─D %>% dplyr::group_by(Parameter, Chain) %>% ...
  6. ├─dplyr::do(., ac(.$value, nLags))
  7. ├─dplyr:::do.grouped_df(., ac(.$value, nLags))
  8. │ └─rlang::eval_tidy(args[[j]], mask)
  9. └─ggmcmc::ac(.$value, nLags)
 10.   ├─base::data.frame(...)
 11.   └─stats::cor(X, use = "pairwise.complete.obs")
── Warning: coverage-heavy causal methods and summaries cover methods branches ──
the standard deviation is zero
Backtrace:
     ▆
  1. ├─base::plot(fit, arm = "both") at fragments/integration/coverage_heavy.R:623:3
  2. ├─plot.causalmixgpd_causal_fit(fit, arm = "both")
  3. │ └─plot.mixgpd_fit(x$outcome_fit$trt, ...)
  4. │   └─ggmcmc::ggs_autocorrelation(D, family = NA, nLags = nLags, ...)
  5. │     └─D %>% dplyr::group_by(Parameter, Chain) %>% ...
  6. ├─dplyr::do(., ac(.$value, nLags))
  7. ├─dplyr:::do.grouped_df(., ac(.$value, nLags))
  8. │ └─rlang::eval_tidy(args[[j]], mask)
  9. └─ggmcmc::ac(.$value, nLags)
 10.   ├─base::data.frame(...)
 11.   └─stats::cor(X, use = "pairwise.complete.obs")
── Warning: coverage-heavy causal methods and summaries cover methods branches ──
the standard deviation is zero
Backtrace:
     ▆
  1. ├─base::plot(fit, arm = "both") at fragments/integration/coverage_heavy.R:623:3
  2. ├─plot.causalmixgpd_causal_fit(fit, arm = "both")
  3. │ └─plot.mixgpd_fit(x$outcome_fit$trt, ...)
  4. │   └─ggmcmc::ggs_autocorrelation(D, family = NA, nLags = nLags, ...)
  5. │     └─D %>% dplyr::group_by(Parameter, Chain) %>% ...
  6. ├─dplyr::do(., ac(.$value, nLags))
  7. ├─dplyr:::do.grouped_df(., ac(.$value, nLags))
  8. │ └─rlang::eval_tidy(args[[j]], mask)
  9. └─ggmcmc::ac(.$value, nLags)
 10.   ├─base::data.frame(...)
 11.   └─stats::cor(X, use = "pairwise.complete.obs")
── Warning: coverage-heavy causal methods and summaries cover methods branches ──
the standard deviation is zero
Backtrace:
     ▆
  1. ├─base::plot(fit, arm = "both") at fragments/integration/coverage_heavy.R:623:3
  2. ├─plot.causalmixgpd_causal_fit(fit, arm = "both")
  3. │ └─plot.mixgpd_fit(x$outcome_fit$trt, ...)
  4. │   └─ggmcmc::ggs_autocorrelation(D, family = NA, nLags = nLags, ...)
  5. │     └─D %>% dplyr::group_by(Parameter, Chain) %>% ...
  6. ├─dplyr::do(., ac(.$value, nLags))
  7. ├─dplyr:::do.grouped_df(., ac(.$value, nLags))
  8. │ └─rlang::eval_tidy(args[[j]], mask)
  9. └─ggmcmc::ac(.$value, nLags)
 10.   ├─base::data.frame(...)
 11.   └─stats::cor(X, use = "pairwise.complete.obs")
── Warning: coverage-heavy causal methods and summaries cover methods branches ──
the standard deviation is zero
Backtrace:
     ▆
  1. ├─base::plot(fit, arm = "both") at fragments/integration/coverage_heavy.R:623:3
  2. ├─plot.causalmixgpd_causal_fit(fit, arm = "both")
  3. │ └─plot.mixgpd_fit(x$outcome_fit$trt, ...)
  4. │   └─ggmcmc::ggs_autocorrelation(D, family = NA, nLags = nLags, ...)
  5. │     └─D %>% dplyr::group_by(Parameter, Chain) %>% ...
  6. ├─dplyr::do(., ac(.$value, nLags))
  7. ├─dplyr:::do.grouped_df(., ac(.$value, nLags))
  8. │ └─rlang::eval_tidy(args[[j]], mask)
  9. └─ggmcmc::ac(.$value, nLags)
 10.   ├─base::data.frame(...)
 11.   └─stats::cor(X, use = "pairwise.complete.obs")
── Warning: coverage-heavy causal methods and summaries cover methods branches ──
the standard deviation is zero
Backtrace:
     ▆
  1. ├─base::plot(fit, arm = "both") at fragments/integration/coverage_heavy.R:623:3
  2. ├─plot.causalmixgpd_causal_fit(fit, arm = "both")
  3. │ └─plot.mixgpd_fit(x$outcome_fit$trt, ...)
  4. │   └─ggmcmc::ggs_autocorrelation(D, family = NA, nLags = nLags, ...)
  5. │     └─D %>% dplyr::group_by(Parameter, Chain) %>% ...
  6. ├─dplyr::do(., ac(.$value, nLags))
  7. ├─dplyr:::do.grouped_df(., ac(.$value, nLags))
  8. │ └─rlang::eval_tidy(args[[j]], mask)
  9. └─ggmcmc::ac(.$value, nLags)
 10.   ├─base::data.frame(...)
 11.   └─stats::cor(X, use = "pairwise.complete.obs")
── Warning: coverage-heavy causal methods and summaries cover methods branches ──
the standard deviation is zero
Backtrace:
     ▆
  1. ├─base::plot(fit, arm = "both") at fragments/integration/coverage_heavy.R:623:3
  2. ├─plot.causalmixgpd_causal_fit(fit, arm = "both")
  3. │ └─plot.mixgpd_fit(x$outcome_fit$trt, ...)
  4. │   └─ggmcmc::ggs_autocorrelation(D, family = NA, nLags = nLags, ...)
  5. │     └─D %>% dplyr::group_by(Parameter, Chain) %>% ...
  6. ├─dplyr::do(., ac(.$value, nLags))
  7. ├─dplyr:::do.grouped_df(., ac(.$value, nLags))
  8. │ └─rlang::eval_tidy(args[[j]], mask)
  9. └─ggmcmc::ac(.$value, nLags)
 10.   ├─base::data.frame(...)
 11.   └─stats::cor(X, use = "pairwise.complete.obs")
── Warning: coverage-heavy causal methods and summaries cover methods branches ──
the standard deviation is zero
Backtrace:
     ▆
  1. ├─base::plot(fit, arm = "both") at fragments/integration/coverage_heavy.R:623:3
  2. ├─plot.causalmixgpd_causal_fit(fit, arm = "both")
  3. │ └─plot.mixgpd_fit(x$outcome_fit$trt, ...)
  4. │   └─ggmcmc::ggs_autocorrelation(D, family = NA, nLags = nLags, ...)
  5. │     └─D %>% dplyr::group_by(Parameter, Chain) %>% ...
  6. ├─dplyr::do(., ac(.$value, nLags))
  7. ├─dplyr:::do.grouped_df(., ac(.$value, nLags))
  8. │ └─rlang::eval_tidy(args[[j]], mask)
  9. └─ggmcmc::ac(.$value, nLags)
 10.   ├─base::data.frame(...)
 11.   └─stats::cor(X, use = "pairwise.complete.obs")
── Warning: coverage-heavy causal methods and summaries cover methods branches ──
the standard deviation is zero
Backtrace:
     ▆
  1. ├─base::plot(fit, arm = "both") at fragments/integration/coverage_heavy.R:623:3
  2. ├─plot.causalmixgpd_causal_fit(fit, arm = "both")
  3. │ └─plot.mixgpd_fit(x$outcome_fit$trt, ...)
  4. │   └─ggmcmc::ggs_autocorrelation(D, family = NA, nLags = nLags, ...)
  5. │     └─D %>% dplyr::group_by(Parameter, Chain) %>% ...
  6. ├─dplyr::do(., ac(.$value, nLags))
  7. ├─dplyr:::do.grouped_df(., ac(.$value, nLags))
  8. │ └─rlang::eval_tidy(args[[j]], mask)
  9. └─ggmcmc::ac(.$value, nLags)
 10.   ├─base::data.frame(...)
 11.   └─stats::cor(X, use = "pairwise.complete.obs")
── Warning: coverage-heavy causal methods and summaries cover methods branches ──
the standard deviation is zero
Backtrace:
     ▆
  1. ├─base::plot(fit, arm = "both") at fragments/integration/coverage_heavy.R:623:3
  2. ├─plot.causalmixgpd_causal_fit(fit, arm = "both")
  3. │ └─plot.mixgpd_fit(x$outcome_fit$trt, ...)
  4. │   └─ggmcmc::ggs_autocorrelation(D, family = NA, nLags = nLags, ...)
  5. │     └─D %>% dplyr::group_by(Parameter, Chain) %>% ...
  6. ├─dplyr::do(., ac(.$value, nLags))
  7. ├─dplyr:::do.grouped_df(., ac(.$value, nLags))
  8. │ └─rlang::eval_tidy(args[[j]], mask)
  9. └─ggmcmc::ac(.$value, nLags)
 10.   ├─base::data.frame(...)
 11.   └─stats::cor(X, use = "pairwise.complete.obs")
── Warning: coverage-heavy causal methods and summaries cover methods branches ──
the standard deviation is zero
Backtrace:
     ▆
  1. ├─base::plot(fit, arm = "both") at fragments/integration/coverage_heavy.R:623:3
  2. ├─plot.causalmixgpd_causal_fit(fit, arm = "both")
  3. │ └─plot.mixgpd_fit(x$outcome_fit$trt, ...)
  4. │   └─ggmcmc::ggs_autocorrelation(D, family = NA, nLags = nLags, ...)
  5. │     └─D %>% dplyr::group_by(Parameter, Chain) %>% ...
  6. ├─dplyr::do(., ac(.$value, nLags))
  7. ├─dplyr:::do.grouped_df(., ac(.$value, nLags))
  8. │ └─rlang::eval_tidy(args[[j]], mask)
  9. └─ggmcmc::ac(.$value, nLags)
 10.   ├─base::data.frame(...)
 11.   └─stats::cor(X, use = "pairwise.complete.obs")
── Warning: coverage-heavy causal methods and summaries cover methods branches ──
the standard deviation is zero
Backtrace:
     ▆
  1. ├─base::plot(fit, arm = "both") at fragments/integration/coverage_heavy.R:623:3
  2. ├─plot.causalmixgpd_causal_fit(fit, arm = "both")
  3. │ └─plot.mixgpd_fit(x$outcome_fit$trt, ...)
  4. │   └─ggmcmc::ggs_autocorrelation(D, family = NA, nLags = nLags, ...)
  5. │     └─D %>% dplyr::group_by(Parameter, Chain) %>% ...
  6. ├─dplyr::do(., ac(.$value, nLags))
  7. ├─dplyr:::do.grouped_df(., ac(.$value, nLags))
  8. │ └─rlang::eval_tidy(args[[j]], mask)
  9. └─ggmcmc::ac(.$value, nLags)
 10.   ├─base::data.frame(...)
 11.   └─stats::cor(X, use = "pairwise.complete.obs")
── Warning: coverage-heavy causal methods and summaries cover methods branches ──
the standard deviation is zero
Backtrace:
     ▆
  1. ├─base::plot(fit, arm = "both") at fragments/integration/coverage_heavy.R:623:3
  2. ├─plot.causalmixgpd_causal_fit(fit, arm = "both")
  3. │ └─plot.mixgpd_fit(x$outcome_fit$trt, ...)
  4. │   └─ggmcmc::ggs_autocorrelation(D, family = NA, nLags = nLags, ...)
  5. │     └─D %>% dplyr::group_by(Parameter, Chain) %>% ...
  6. ├─dplyr::do(., ac(.$value, nLags))
  7. ├─dplyr:::do.grouped_df(., ac(.$value, nLags))
  8. │ └─rlang::eval_tidy(args[[j]], mask)
  9. └─ggmcmc::ac(.$value, nLags)
 10.   ├─base::data.frame(...)
 11.   └─stats::cor(X, use = "pairwise.complete.obs")
── Warning: coverage-heavy causal methods and summaries cover methods branches ──
Using `size` aesthetic for lines was deprecated in ggplot2 3.4.0.
i Please use `linewidth` instead.
i The deprecated feature was likely used in the ggmcmc package.
  Please report the issue at <https://github.com/xfim/ggmcmc/issues/>.
Backtrace:
    ▆
 1. ├─base::plot(fit, arm = "both") at fragments/integration/coverage_heavy.R:623:3
 2. └─plot.causalmixgpd_causal_fit(fit, arm = "both")
 3.   └─plot.mixgpd_fit(x$outcome_fit$trt, ...)
 4.     └─ggmcmc::ggs_caterpillar(D, family = NA, ...)
 5.       └─ggplot2::geom_segment(aes(x = Low, xend = High), size = 1.5)
 6.         └─ggplot2::layer(...)
 7.           └─ggplot2:::deprecate_warn0(...)
── Warning: coverage-heavy causal methods and summaries cover methods branches ──
Arguments in `...` must be used.
x Problematic argument:
* group = Chain
i Did you misspell an argument name?
Backtrace:
     ▆
  1. ├─base::plot(fit, arm = "both") at fragments/integration/coverage_heavy.R:623:3
  2. ├─plot.causalmixgpd_causal_fit(fit, arm = "both")
  3. │ └─plot.mixgpd_fit(x$outcome_fit$con, ...)
  4. │   └─ggmcmc::ggs_compare_partial(D, family = NA, ...)
  5. │     ├─ggplot2::ggplot(...)
  6. │     └─ggplot2:::ggplot.default(...)
  7. │       └─ggplot2::fortify(data, ...)
  8. │         └─rlang (local) `<fn>`()
  9. │           └─rlang:::check_dots(env, error, action, call)
 10. │             └─rlang:::action_dots(...)
 11. │               ├─rlang (local) try_dots(...)
 12. │               │ └─rlang::try_fetch(expr, error = error)
 13. │               │   ├─base::tryCatch(...)
 14. │               │   │ └─base (local) tryCatchList(expr, classes, parentenv, handlers)
 15. │               │   │   └─base (local) tryCatchOne(expr, names, parentenv, handlers[[1L]])
 16. │               │   │     └─base (local) doTryCatch(return(expr), name, parentenv, handler)
 17. │               │   └─base::withCallingHandlers(...)
 18. │               └─rlang (local) action(...)
 19. │                 └─rlang:::signal_abort(cnd, .file)
 20. │                   └─base::signalCondition(cnd)
 21. └─rlang (local) `<fn>`(`<rlb_rr__>`)
 22.   └─handlers[[1L]](cnd)
 23.     └─cli::cli_warn(msg, call = call)
── Warning: coverage-heavy causal methods and summaries cover methods branches ──
nLags=50 is larger than number of iterations, computing until max possible lag 35
Backtrace:
    ▆
 1. ├─base::plot(fit, arm = "both") at fragments/integration/coverage_heavy.R:623:3
 2. └─plot.causalmixgpd_causal_fit(fit, arm = "both")
 3.   └─plot.mixgpd_fit(x$outcome_fit$con, ...)
 4.     └─ggmcmc::ggs_autocorrelation(D, family = NA, nLags = nLags, ...)
── Warning: coverage-heavy causal methods and summaries cover methods branches ──
the standard deviation is zero
Backtrace:
     ▆
  1. ├─base::plot(fit, arm = "both") at fragments/integration/coverage_heavy.R:623:3
  2. ├─plot.causalmixgpd_causal_fit(fit, arm = "both")
  3. │ └─plot.mixgpd_fit(x$outcome_fit$con, ...)
  4. │   └─ggmcmc::ggs_autocorrelation(D, family = NA, nLags = nLags, ...)
  5. │     └─D %>% dplyr::group_by(Parameter, Chain) %>% ...
  6. ├─dplyr::do(., ac(.$value, nLags))
  7. ├─dplyr:::do.grouped_df(., ac(.$value, nLags))
  8. │ └─rlang::eval_tidy(args[[j]], mask)
  9. └─ggmcmc::ac(.$value, nLags)
 10.   ├─base::data.frame(...)
 11.   └─stats::cor(X, use = "pairwise.complete.obs")
── Warning: coverage-heavy causal methods and summaries cover methods branches ──
the standard deviation is zero
Backtrace:
     ▆
  1. ├─base::plot(fit, arm = "both") at fragments/integration/coverage_heavy.R:623:3
  2. ├─plot.causalmixgpd_causal_fit(fit, arm = "both")
  3. │ └─plot.mixgpd_fit(x$outcome_fit$con, ...)
  4. │   └─ggmcmc::ggs_autocorrelation(D, family = NA, nLags = nLags, ...)
  5. │     └─D %>% dplyr::group_by(Parameter, Chain) %>% ...
  6. ├─dplyr::do(., ac(.$value, nLags))
  7. ├─dplyr:::do.grouped_df(., ac(.$value, nLags))
  8. │ └─rlang::eval_tidy(args[[j]], mask)
  9. └─ggmcmc::ac(.$value, nLags)
 10.   ├─base::data.frame(...)
 11.   └─stats::cor(X, use = "pairwise.complete.obs")
── Warning: coverage-heavy causal methods and summaries cover methods branches ──
the standard deviation is zero
Backtrace:
     ▆
  1. ├─base::plot(fit, arm = "both") at fragments/integration/coverage_heavy.R:623:3
  2. ├─plot.causalmixgpd_causal_fit(fit, arm = "both")
  3. │ └─plot.mixgpd_fit(x$outcome_fit$con, ...)
  4. │   └─ggmcmc::ggs_autocorrelation(D, family = NA, nLags = nLags, ...)
  5. │     └─D %>% dplyr::group_by(Parameter, Chain) %>% ...
  6. ├─dplyr::do(., ac(.$value, nLags))
  7. ├─dplyr:::do.grouped_df(., ac(.$value, nLags))
  8. │ └─rlang::eval_tidy(args[[j]], mask)
  9. └─ggmcmc::ac(.$value, nLags)
 10.   ├─base::data.frame(...)
 11.   └─stats::cor(X, use = "pairwise.complete.obs")
── Warning: coverage-heavy causal methods and summaries cover methods branches ──
the standard deviation is zero
Backtrace:
     ▆
  1. ├─base::plot(fit, arm = "both") at fragments/integration/coverage_heavy.R:623:3
  2. ├─plot.causalmixgpd_causal_fit(fit, arm = "both")
  3. │ └─plot.mixgpd_fit(x$outcome_fit$con, ...)
  4. │   └─ggmcmc::ggs_autocorrelation(D, family = NA, nLags = nLags, ...)
  5. │     └─D %>% dplyr::group_by(Parameter, Chain) %>% ...
  6. ├─dplyr::do(., ac(.$value, nLags))
  7. ├─dplyr:::do.grouped_df(., ac(.$value, nLags))
  8. │ └─rlang::eval_tidy(args[[j]], mask)
  9. └─ggmcmc::ac(.$value, nLags)
 10.   ├─base::data.frame(...)
 11.   └─stats::cor(X, use = "pairwise.complete.obs")
── Warning: coverage-heavy causal methods and summaries cover methods branches ──
the standard deviation is zero
Backtrace:
     ▆
  1. ├─base::plot(fit, arm = "both") at fragments/integration/coverage_heavy.R:623:3
  2. ├─plot.causalmixgpd_causal_fit(fit, arm = "both")
  3. │ └─plot.mixgpd_fit(x$outcome_fit$con, ...)
  4. │   └─ggmcmc::ggs_autocorrelation(D, family = NA, nLags = nLags, ...)
  5. │     └─D %>% dplyr::group_by(Parameter, Chain) %>% ...
  6. ├─dplyr::do(., ac(.$value, nLags))
  7. ├─dplyr:::do.grouped_df(., ac(.$value, nLags))
  8. │ └─rlang::eval_tidy(args[[j]], mask)
  9. └─ggmcmc::ac(.$value, nLags)
 10.   ├─base::data.frame(...)
 11.   └─stats::cor(X, use = "pairwise.complete.obs")
── Warning: coverage-heavy causal methods and summaries cover methods branches ──
the standard deviation is zero
Backtrace:
     ▆
  1. ├─base::plot(fit, arm = "both") at fragments/integration/coverage_heavy.R:623:3
  2. ├─plot.causalmixgpd_causal_fit(fit, arm = "both")
  3. │ └─plot.mixgpd_fit(x$outcome_fit$con, ...)
  4. │   └─ggmcmc::ggs_autocorrelation(D, family = NA, nLags = nLags, ...)
  5. │     └─D %>% dplyr::group_by(Parameter, Chain) %>% ...
  6. ├─dplyr::do(., ac(.$value, nLags))
  7. ├─dplyr:::do.grouped_df(., ac(.$value, nLags))
  8. │ └─rlang::eval_tidy(args[[j]], mask)
  9. └─ggmcmc::ac(.$value, nLags)
 10.   ├─base::data.frame(...)
 11.   └─stats::cor(X, use = "pairwise.complete.obs")
── Warning: coverage-heavy causal methods and summaries cover methods branches ──
the standard deviation is zero
Backtrace:
     ▆
  1. ├─base::plot(fit, arm = "both") at fragments/integration/coverage_heavy.R:623:3
  2. ├─plot.causalmixgpd_causal_fit(fit, arm = "both")
  3. │ └─plot.mixgpd_fit(x$outcome_fit$con, ...)
  4. │   └─ggmcmc::ggs_autocorrelation(D, family = NA, nLags = nLags, ...)
  5. │     └─D %>% dplyr::group_by(Parameter, Chain) %>% ...
  6. ├─dplyr::do(., ac(.$value, nLags))
  7. ├─dplyr:::do.grouped_df(., ac(.$value, nLags))
  8. │ └─rlang::eval_tidy(args[[j]], mask)
  9. └─ggmcmc::ac(.$value, nLags)
 10.   ├─base::data.frame(...)
 11.   └─stats::cor(X, use = "pairwise.complete.obs")
── Warning: coverage-heavy causal methods and summaries cover methods branches ──
the standard deviation is zero
Backtrace:
     ▆
  1. ├─base::plot(fit, arm = "both") at fragments/integration/coverage_heavy.R:623:3
  2. ├─plot.causalmixgpd_causal_fit(fit, arm = "both")
  3. │ └─plot.mixgpd_fit(x$outcome_fit$con, ...)
  4. │   └─ggmcmc::ggs_autocorrelation(D, family = NA, nLags = nLags, ...)
  5. │     └─D %>% dplyr::group_by(Parameter, Chain) %>% ...
  6. ├─dplyr::do(., ac(.$value, nLags))
  7. ├─dplyr:::do.grouped_df(., ac(.$value, nLags))
  8. │ └─rlang::eval_tidy(args[[j]], mask)
  9. └─ggmcmc::ac(.$value, nLags)
 10.   ├─base::data.frame(...)
 11.   └─stats::cor(X, use = "pairwise.complete.obs")
── Warning: coverage-heavy causal methods and summaries cover methods branches ──
the standard deviation is zero
Backtrace:
     ▆
  1. ├─base::plot(fit, arm = "both") at fragments/integration/coverage_heavy.R:623:3
  2. ├─plot.causalmixgpd_causal_fit(fit, arm = "both")
  3. │ └─plot.mixgpd_fit(x$outcome_fit$con, ...)
  4. │   └─ggmcmc::ggs_autocorrelation(D, family = NA, nLags = nLags, ...)
  5. │     └─D %>% dplyr::group_by(Parameter, Chain) %>% ...
  6. ├─dplyr::do(., ac(.$value, nLags))
  7. ├─dplyr:::do.grouped_df(., ac(.$value, nLags))
  8. │ └─rlang::eval_tidy(args[[j]], mask)
  9. └─ggmcmc::ac(.$value, nLags)
 10.   ├─base::data.frame(...)
 11.   └─stats::cor(X, use = "pairwise.complete.obs")
── Warning: coverage-heavy causal methods and summaries cover methods branches ──
the standard deviation is zero
Backtrace:
     ▆
  1. ├─base::plot(fit, arm = "both") at fragments/integration/coverage_heavy.R:623:3
  2. ├─plot.causalmixgpd_causal_fit(fit, arm = "both")
  3. │ └─plot.mixgpd_fit(x$outcome_fit$con, ...)
  4. │   └─ggmcmc::ggs_autocorrelation(D, family = NA, nLags = nLags, ...)
  5. │     └─D %>% dplyr::group_by(Parameter, Chain) %>% ...
  6. ├─dplyr::do(., ac(.$value, nLags))
  7. ├─dplyr:::do.grouped_df(., ac(.$value, nLags))
  8. │ └─rlang::eval_tidy(args[[j]], mask)
  9. └─ggmcmc::ac(.$value, nLags)
 10.   ├─base::data.frame(...)
 11.   └─stats::cor(X, use = "pairwise.complete.obs")
── Warning: coverage-heavy causal methods and summaries cover methods branches ──
the standard deviation is zero
Backtrace:
     ▆
  1. ├─base::plot(fit, arm = "both") at fragments/integration/coverage_heavy.R:623:3
  2. ├─plot.causalmixgpd_causal_fit(fit, arm = "both")
  3. │ └─plot.mixgpd_fit(x$outcome_fit$con, ...)
  4. │   └─ggmcmc::ggs_autocorrelation(D, family = NA, nLags = nLags, ...)
  5. │     └─D %>% dplyr::group_by(Parameter, Chain) %>% ...
  6. ├─dplyr::do(., ac(.$value, nLags))
  7. ├─dplyr:::do.grouped_df(., ac(.$value, nLags))
  8. │ └─rlang::eval_tidy(args[[j]], mask)
  9. └─ggmcmc::ac(.$value, nLags)
 10.   ├─base::data.frame(...)
 11.   └─stats::cor(X, use = "pairwise.complete.obs")
── Warning: coverage-heavy causal methods and summaries cover methods branches ──
the standard deviation is zero
Backtrace:
     ▆
  1. ├─base::plot(fit, arm = "both") at fragments/integration/coverage_heavy.R:623:3
  2. ├─plot.causalmixgpd_causal_fit(fit, arm = "both")
  3. │ └─plot.mixgpd_fit(x$outcome_fit$con, ...)
  4. │   └─ggmcmc::ggs_autocorrelation(D, family = NA, nLags = nLags, ...)
  5. │     └─D %>% dplyr::group_by(Parameter, Chain) %>% ...
  6. ├─dplyr::do(., ac(.$value, nLags))
  7. ├─dplyr:::do.grouped_df(., ac(.$value, nLags))
  8. │ └─rlang::eval_tidy(args[[j]], mask)
  9. └─ggmcmc::ac(.$value, nLags)
 10.   ├─base::data.frame(...)
 11.   └─stats::cor(X, use = "pairwise.complete.obs")
── Warning: coverage-heavy causal methods and summaries cover methods branches ──
the standard deviation is zero
Backtrace:
     ▆
  1. ├─base::plot(fit, arm = "both") at fragments/integration/coverage_heavy.R:623:3
  2. ├─plot.causalmixgpd_causal_fit(fit, arm = "both")
  3. │ └─plot.mixgpd_fit(x$outcome_fit$con, ...)
  4. │   └─ggmcmc::ggs_autocorrelation(D, family = NA, nLags = nLags, ...)
  5. │     └─D %>% dplyr::group_by(Parameter, Chain) %>% ...
  6. ├─dplyr::do(., ac(.$value, nLags))
  7. ├─dplyr:::do.grouped_df(., ac(.$value, nLags))
  8. │ └─rlang::eval_tidy(args[[j]], mask)
  9. └─ggmcmc::ac(.$value, nLags)
 10.   ├─base::data.frame(...)
 11.   └─stats::cor(X, use = "pairwise.complete.obs")
── Warning: coverage-heavy causal methods and summaries cover methods branches ──
the standard deviation is zero
Backtrace:
     ▆
  1. ├─base::plot(fit, arm = "both") at fragments/integration/coverage_heavy.R:623:3
  2. ├─plot.causalmixgpd_causal_fit(fit, arm = "both")
  3. │ └─plot.mixgpd_fit(x$outcome_fit$con, ...)
  4. │   └─ggmcmc::ggs_autocorrelation(D, family = NA, nLags = nLags, ...)
  5. │     └─D %>% dplyr::group_by(Parameter, Chain) %>% ...
  6. ├─dplyr::do(., ac(.$value, nLags))
  7. ├─dplyr:::do.grouped_df(., ac(.$value, nLags))
  8. │ └─rlang::eval_tidy(args[[j]], mask)
  9. └─ggmcmc::ac(.$value, nLags)
 10.   ├─base::data.frame(...)
 11.   └─stats::cor(X, use = "pairwise.complete.obs")
── Warning: coverage-heavy causal methods and summaries cover methods branches ──
the standard deviation is zero
Backtrace:
     ▆
  1. ├─base::plot(fit, arm = "both") at fragments/integration/coverage_heavy.R:623:3
  2. ├─plot.causalmixgpd_causal_fit(fit, arm = "both")
  3. │ └─plot.mixgpd_fit(x$outcome_fit$con, ...)
  4. │   └─ggmcmc::ggs_autocorrelation(D, family = NA, nLags = nLags, ...)
  5. │     └─D %>% dplyr::group_by(Parameter, Chain) %>% ...
  6. ├─dplyr::do(., ac(.$value, nLags))
  7. ├─dplyr:::do.grouped_df(., ac(.$value, nLags))
  8. │ └─rlang::eval_tidy(args[[j]], mask)
  9. └─ggmcmc::ac(.$value, nLags)
 10.   ├─base::data.frame(...)
 11.   └─stats::cor(X, use = "pairwise.complete.obs")
── Warning: coverage-heavy causal methods and summaries cover methods branches ──
the standard deviation is zero
Backtrace:
     ▆
  1. ├─base::plot(fit, arm = "both") at fragments/integration/coverage_heavy.R:623:3
  2. ├─plot.causalmixgpd_causal_fit(fit, arm = "both")
  3. │ └─plot.mixgpd_fit(x$outcome_fit$con, ...)
  4. │   └─ggmcmc::ggs_autocorrelation(D, family = NA, nLags = nLags, ...)
  5. │     └─D %>% dplyr::group_by(Parameter, Chain) %>% ...
  6. ├─dplyr::do(., ac(.$value, nLags))
  7. ├─dplyr:::do.grouped_df(., ac(.$value, nLags))
  8. │ └─rlang::eval_tidy(args[[j]], mask)
  9. └─ggmcmc::ac(.$value, nLags)
 10.   ├─base::data.frame(...)
 11.   └─stats::cor(X, use = "pairwise.complete.obs")
── Warning: coverage-heavy causal methods and summaries cover methods branches ──
the standard deviation is zero
Backtrace:
     ▆
  1. ├─base::plot(fit, arm = "both") at fragments/integration/coverage_heavy.R:623:3
  2. ├─plot.causalmixgpd_causal_fit(fit, arm = "both")
  3. │ └─plot.mixgpd_fit(x$outcome_fit$con, ...)
  4. │   └─ggmcmc::ggs_autocorrelation(D, family = NA, nLags = nLags, ...)
  5. │     └─D %>% dplyr::group_by(Parameter, Chain) %>% ...
  6. ├─dplyr::do(., ac(.$value, nLags))
  7. ├─dplyr:::do.grouped_df(., ac(.$value, nLags))
  8. │ └─rlang::eval_tidy(args[[j]], mask)
  9. └─ggmcmc::ac(.$value, nLags)
 10.   ├─base::data.frame(...)
 11.   └─stats::cor(X, use = "pairwise.complete.obs")
Test passed with 26 successes 🥇.
PS model: Bayesian logit (A | X) 
PS model: Bayesian logit (A | X) 
Test passed with 4 successes 😸.
Test passed with 25 successes 🥳.
Test passed with 24 successes 🌈.
Test passed with 17 successes 😀.
Test passed with 13 successes 🎉.
Test passed with 14 successes 😀.
Test passed with 22 successes 🎊.
Test passed with 9 successes 😀.
Test passed with 7 successes 😸.
── Skip: coverage-heavy runner mocks cover cache, compile fallback, and validation branches ──
Reason: Runner mock coverage block is unstable under covr instrumentation
Test passed with 19 successes 🌈.
Test passed with 12 successes 🎊.
Test passed with 36 successes 🌈.
Test passed with 17 successes 😸.
Test passed with 13 successes 🥳.
Test passed with 19 successes 🎊.
Test passed with 34 successes 😸.
Test passed with 5 successes 🎉.
Test passed with 8 successes 🥳.
── Skip: coverage-heavy causal summary printers cover knitr fallback and raw summaries ──
Reason: Skipping causal summary printer block under covr
Test passed with 10 successes 😸.
Test passed with 40 successes 🌈.
Test passed with 58 successes 🎊.
Test passed with 60 successes 🎊.
Test passed with 6 successes 🥇.
Test passed with 14 successes 🌈.
Test passed with 6 successes 🥇.
Test passed with 2 successes 😀.
Test passed with 2 successes 🥇.
── Skip: dpmgpd.cluster supports label and psm prediction ──────────────────────
Reason: Skipping under covr instrumentation due to Nimble custom GPD distribution lookup instability
Test passed with 1 success 🥳.
Test passed with 27 successes 😸.
Test passed with 2 successes 🥳.
===== Monitors =====
thin = 1: alpha, mean, sd, w
===== Samplers =====
conjugate sampler (12)
  - mean[]  (6 elements)
  - sd[]  (6 elements)
categorical sampler (80)
  - z[]  (80 elements)
RW sampler (6)
  - alpha
  - v[]  (5 elements)
Test passed with 7 successes 🥇.
===== Monitors =====
thin = 1: alpha, mean, sd, w
===== Samplers =====
conjugate sampler (10)
  - mean[]  (5 elements)
  - sd[]  (5 elements)
categorical sampler (60)
  - z[]  (60 elements)
RW sampler (5)
  - alpha
  - v[]  (4 elements)

NOTE: Dependency discovery took XXXX seconds during snapshot.
Consider using .renvignore to ignore files, or switching to explicit snapshots.
See `?renv::dependencies` for more information.


NOTE: Dependency discovery took XXXX seconds during snapshot.
Consider using .renvignore to ignore files, or switching to explicit snapshots.
See `?renv::dependencies` for more information.

