CausalMixGPD coverage helper loaded.
Run `coverage_report()` to build the full local test coverage report.

Running full local coverage pipeline.
============================================================
Building Coverage Report
============================================================
Pipeline: tests / ci
Canonical output directory: covr/assets
Published mirror directory: docs/coverage

Step 1/6: Calculating coverage...
Calculating coverage from tests only.
Test level: ci 

Coverage mode: file 
Test passed with 20 successes 🥇.
Test passed with 26 successes 🥇.
Test passed with 34 successes 🥇.
===== Monitors =====
thin = 1: beta
===== Samplers =====
RW sampler (4)
  - beta[]  (4 elements)
===== Monitors =====
thin = 1: alpha, scale, shape, z
===== Samplers =====
CRP_concentration sampler (1)
  - alpha
CRP_cluster_wrapper sampler (6)
  - scale[]  (3 elements)
  - shape[]  (3 elements)
CRP sampler (1)
  - z[1:9] 
