This is pdfTeX, Version 3.141592653-2.6-1.40.28 (TeX Live 2025) (preloaded format=pdflatex 2026.1.20)  22 JAN 2026 01:20
entering extended mode
 restricted \write18 enabled.
 file:line:error style messages enabled.
 %&-line parsing enabled.
**vignettes/manuscript/DPmixGPD_JSS_article.tex
(./vignettes/manuscript/DPmixGPD_JSS_article.tex
LaTeX2e <2025-11-01>
L3 programming layer <2026-01-10>

! LaTeX Error: File `jss.cls' not found.

Type X to quit or <RETURN> to proceed,
or enter new name. (Default extension: cls)

Enter file name: 
./vignettes/manuscript/DPmixGPD_JSS_article.tex:1: Emergency stop.
<read *> 
         
l.1 \documentclass[article]{jss}\usepackage
                                           []{graphicx}\usepackage[]{xcolor}^^M
*** (cannot \read from terminal in nonstop modes)

 
Here is how much of TeX's memory you used:
 20 strings out of 469513
 519 string characters out of 5468180
 433759 words of memory out of 5000000
 28773 multiletter control sequences out of 15000+600000
 627721 words of font info for 40 fonts, out of 8000000 for 9000
 14 hyphenation exceptions out of 8191
 19i,0n,29p,153b,17s stack positions out of 10000i,1000n,20000p,200000b,200000s
./vignettes/manuscript/DPmixGPD_JSS_article.tex:1:  ==> Fatal error occurred, no output PDF file produced!
