- Project 'D:/OneDrive - Florida State University/MyFSU_OneDrive/R-Codes/DPMGPD_package/DPmixGPD' loaded. [renv 1.1.5]
> pkgdown::build_site(lazy=TRUE, run_dont_run = TRUE, new_process = TRUE)
ΓöÇΓöÇ Installing package DPmixGPD into temporary library ΓöÇΓöÇΓöÇΓöÇΓöÇΓöÇΓöÇΓöÇΓöÇΓöÇΓöÇΓöÇΓöÇΓöÇΓöÇΓöÇΓöÇΓöÇΓöÇΓöÇΓöÇΓöÇΓöÇΓöÇΓöÇΓöÇ
ΓöÇΓöÇ Building pkgdown site for package DPmixGPD ΓöÇΓöÇΓöÇΓöÇΓöÇΓöÇΓöÇΓöÇΓöÇΓöÇΓöÇΓöÇΓöÇΓöÇΓöÇΓöÇΓöÇΓöÇΓöÇΓöÇΓöÇΓöÇΓöÇΓöÇΓöÇΓöÇΓöÇΓöÇΓöÇΓöÇΓöÇΓöÇΓöÇΓöÇ

Reading from: D:/OneDrive - Florida State

University/MyFSU_OneDrive/R-Codes/DPMGPD_package/DPmixGPD

Writing to: D:/OneDrive - Florida State

University/MyFSU_OneDrive/R-Codes/DPMGPD_package/DPmixGPD/docs

ΓöÇΓöÇ Sitrep ΓöÇΓöÇΓöÇΓöÇΓöÇΓöÇΓöÇΓöÇΓöÇΓöÇΓöÇΓöÇΓöÇΓöÇΓöÇΓöÇΓöÇΓöÇΓöÇΓöÇΓöÇΓöÇΓöÇΓöÇΓöÇΓöÇΓöÇΓöÇΓöÇΓöÇΓöÇΓöÇΓöÇΓöÇΓöÇΓöÇΓöÇΓöÇΓöÇΓöÇΓöÇΓöÇΓöÇΓöÇΓöÇΓöÇΓöÇΓöÇΓöÇΓöÇΓöÇΓöÇΓöÇΓöÇΓöÇΓöÇΓöÇΓöÇΓöÇΓöÇΓöÇΓöÇΓöÇΓöÇΓöÇΓöÇΓöÇΓöÇΓöÇΓöÇ

Γ£ö URLs ok.

Γ£ö Favicons ok.

Γ£ö Open graph metadata ok.

Γ£ö Articles metadata ok.

Γ£ö Reference metadata ok.

ΓöÇΓöÇ Building home ΓöÇΓöÇΓöÇΓöÇΓöÇΓöÇΓöÇΓöÇΓöÇΓöÇΓöÇΓöÇΓöÇΓöÇΓöÇΓöÇΓöÇΓöÇΓöÇΓöÇΓöÇΓöÇΓöÇΓöÇΓöÇΓöÇΓöÇΓöÇΓöÇΓöÇΓöÇΓöÇΓöÇΓöÇΓöÇΓöÇΓöÇΓöÇΓöÇΓöÇΓöÇΓöÇΓöÇΓöÇΓöÇΓöÇΓöÇΓöÇΓöÇΓöÇΓöÇΓöÇΓöÇΓöÇΓöÇΓöÇΓöÇΓöÇΓöÇΓöÇΓöÇΓöÇΓöÇ

Error: 
! in callr subprocess.
Caused by error in `data_template(pkg, depth = depth)`:
! Run `pkgdown::init_site()` first.
Γä╣ This is an internal error that was detected in the pkgdown package.
  Please report it at <https://github.com/r-lib/pkgdown/issues> with a reprex
  (<https://tidyverse.org/help/>) and the full backtrace.
---
Standard error:
ΓöÇΓöÇ Building pkgdown site for package DPmixGPD ΓöÇΓöÇΓöÇΓöÇΓöÇΓöÇΓöÇΓöÇΓöÇΓöÇΓöÇΓöÇΓöÇΓöÇΓöÇΓöÇΓöÇΓöÇΓöÇΓöÇΓöÇΓöÇΓöÇΓöÇΓöÇΓöÇΓöÇΓöÇΓöÇΓöÇΓöÇΓöÇΓöÇΓöÇ

Reading from: D:/OneDrive - Florida State

University/MyFSU_OneDrive/R-Codes/DPMGPD_package/DPmixGPD

Writing to: D:/OneDrive - Florida State

University/MyFSU_OneDrive/R-Codes/DPMGPD_package/DPmixGPD/docs

ΓöÇΓöÇ Sitrep ΓöÇΓöÇΓöÇΓöÇΓöÇΓöÇΓöÇΓöÇΓöÇΓöÇΓöÇΓöÇΓöÇΓöÇΓöÇΓöÇΓöÇΓöÇΓöÇΓöÇΓöÇΓöÇΓöÇΓöÇΓöÇΓöÇΓöÇΓöÇΓöÇΓöÇΓöÇΓöÇΓöÇΓöÇΓöÇΓöÇΓöÇΓöÇΓöÇΓöÇΓöÇΓöÇΓöÇΓöÇΓöÇΓöÇΓöÇΓöÇΓöÇΓöÇΓöÇΓöÇΓöÇΓöÇΓöÇΓöÇΓöÇΓöÇΓöÇΓöÇΓöÇΓöÇΓöÇΓöÇΓöÇΓöÇΓöÇΓöÇΓöÇΓöÇ

Γ£ö URLs ok.

Γ£ö Favicons ok.

Γ£ö Open graph metadata ok.

Γ£ö Articles metadata ok.

Γ£ö Reference metadata ok.

ΓöÇΓöÇ Building home ΓöÇΓöÇΓöÇΓöÇΓöÇΓöÇΓöÇΓöÇΓöÇΓöÇΓöÇΓöÇΓöÇΓöÇΓöÇΓöÇΓöÇΓöÇΓöÇΓöÇΓöÇΓöÇΓöÇΓöÇΓöÇΓöÇΓöÇΓöÇΓöÇΓöÇΓöÇΓöÇΓöÇΓöÇΓöÇΓöÇΓöÇΓöÇΓöÇΓöÇΓöÇΓöÇΓöÇΓöÇΓöÇΓöÇΓöÇΓöÇΓöÇΓöÇΓöÇΓöÇΓöÇΓöÇΓöÇΓöÇΓöÇΓöÇΓöÇΓöÇΓöÇΓöÇΓöÇ
---
Backtrace:
1. pkgdown::build_site(lazy = TRUE, run_dont_run = TRUE, new_process = TRUE)
2. pkgdown:::build_site_external(pkg = pkg, examples = examples, run_dont_run = run_donΓÇª
3. callr::r(function(..., cli_colors, hyperlinks) { ΓÇª
4. callr:::get_result(output = out, options)
5. callr:::throw(callr_remote_error(remerr, output), parent = fix_msg(remerr[[3]]))
---
Subprocess backtrace:
 1. pkgdown::build_site(...)
 2. pkgdown:::build_site_local(pkg = pkg, examples = examples, run_dont_run = run_dont_rΓÇª
 3. pkgdown::build_home(pkg, override = override, quiet = quiet, preview = FALSE)
 4. pkgdown:::build_citation_authors(pkg)
 5. pkgdown::render_page(pkg, "citation-authors", data, "authors.html")
 6. pkgdown:::render_page_html(pkg, name = name, data = data, depth = depth)
 7. pkgdown:::modify_list(data_template(pkg, depth = depth), data)
 8. pkgdown::data_template(pkg, depth = depth)
 9. pkgdown:::data_deps(pkg = pkg, depth = depth)
10. cli::cli_abort("Run {.fn pkgdown::init_site} first.", .internal = TRUE, ΓÇª
11. | rlang::abort(message, ..., call = call, use_cli_format = TRUE, ΓÇª at rlang.R:45:3
12. | rlang:::signal_abort(cnd, .file)
13. | base::signalCondition(cnd)
14. global (function (e) ΓÇª
Execution halted
