[1] FALSE
R version 4.5.2 (2025-10-31 ucrt)
Platform: x86_64-w64-mingw32/x64
Running under: Windows 11 x64 (build 26100)

Matrix products: default
  LAPACK version 3.12.1

locale:
[1] LC_COLLATE=English_United States.utf8 
[2] LC_CTYPE=English_United States.utf8   
[3] LC_MONETARY=English_United States.utf8
[4] LC_NUMERIC=C                          
[5] LC_TIME=English_United States.utf8    

time zone: America/New_York
tzcode source: internal

attached base packages:
[1] stats     graphics  grDevices datasets  utils     methods   base     

other attached packages:
[1] DPmixGPD_0.0.6

loaded via a namespace (and not attached):
 [1] igraph_2.2.1        R6_2.6.1            numDeriv_2016.8-1.1
 [4] lattice_0.22-7      coda_0.19-4.1       magrittr_2.0.4     
 [7] parallel_4.5.2      pkgconfig_2.0.3     lifecycle_1.0.4    
[10] cli_3.6.5           grid_4.5.2          renv_1.1.5         
[13] compiler_4.5.2      nimble_1.4.0        tools_4.5.2        
[16] pracma_2.4.6        yaml_2.3.12         rlang_1.1.6        
