Rendering ./backends.Rmd


processing file: backends.Rmd
1/6                   
2/6 [setup]           
3/6                   
4/6 [data]            
5/6                   
6/6 [compare-backends]
output file: backends.knit.md

"C:\Program Files\RStudio\resources\app\bin\quarto\bin\tools/pandoc" +RTS -K512m -RTS backends.knit.md --to html4 --from markdown+autolink_bare_uris+tex_math_single_backslash --output pandoc46343b075aee.html --lua-filter "C:\Users\arnab\AppData\Local\R\cache\R\renv\library\DPmixGPD-75b87f7b\windows\R-4.5\x86_64-w64-mingw32\rmarkdown\rmarkdown\lua\pagebreak.lua" --lua-filter "C:\Users\arnab\AppData\Local\R\cache\R\renv\library\DPmixGPD-75b87f7b\windows\R-4.5\x86_64-w64-mingw32\rmarkdown\rmarkdown\lua\latex-div.lua" --lua-filter "C:\Users\arnab\AppData\Local\R\cache\R\renv\library\DPmixGPD-75b87f7b\windows\R-4.5\x86_64-w64-mingw32\rmarkdown\rmarkdown\lua\table-classes.lua" --embed-resources --standalone --section-divs --template "C:\Users\arnab\AppData\Local\R\cache\R\renv\library\DPmixGPD-75b87f7b\windows\R-4.5\x86_64-w64-mingw32\rmarkdown\rmd\h\default.html" --highlight-style pygments --css "C:/Users/arnab/AppData/Local/R/cache/R/renv/library/DPmixGPD-75b87f7b/windows/R-4.5/x86_64-w64-mingw32/rmarkdown/rmarkdown/templates/html_vignette/resources/vignette.css" --mathjax --variable "mathjax-url=https://mathjax.rstudio.com/latest/MathJax.js?config=TeX-AMS-MML_HTMLorMML" --include-in-header "C:\Users\arnab\AppData\Local\Temp\RtmpCaOLge\rmarkdown-str4634565518c9.html" 

Output created: backends.html
Rendering ./bundle-s3.Rmd


processing file: bundle-s3.Rmd
1/6            
2/6 [setup]    
3/6            
4/6 [data]     
5/6            
6/6 [bundle-s3]
output file: bundle-s3.knit.md

"C:\Program Files\RStudio\resources\app\bin\quarto\bin\tools/pandoc" +RTS -K512m -RTS bundle-s3.knit.md --to html4 --from markdown+autolink_bare_uris+tex_math_single_backslash --output pandoc463466de70d2.html --lua-filter "C:\Users\arnab\AppData\Local\R\cache\R\renv\library\DPmixGPD-75b87f7b\windows\R-4.5\x86_64-w64-mingw32\rmarkdown\rmarkdown\lua\pagebreak.lua" --lua-filter "C:\Users\arnab\AppData\Local\R\cache\R\renv\library\DPmixGPD-75b87f7b\windows\R-4.5\x86_64-w64-mingw32\rmarkdown\rmarkdown\lua\latex-div.lua" --lua-filter "C:\Users\arnab\AppData\Local\R\cache\R\renv\library\DPmixGPD-75b87f7b\windows\R-4.5\x86_64-w64-mingw32\rmarkdown\rmarkdown\lua\table-classes.lua" --embed-resources --standalone --section-divs --template "C:\Users\arnab\AppData\Local\R\cache\R\renv\library\DPmixGPD-75b87f7b\windows\R-4.5\x86_64-w64-mingw32\rmarkdown\rmd\h\default.html" --highlight-style pygments --css "C:/Users/arnab/AppData/Local/R/cache/R/renv/library/DPmixGPD-75b87f7b/windows/R-4.5/x86_64-w64-mingw32/rmarkdown/rmarkdown/templates/html_vignette/resources/vignette.css" --mathjax --variable "mathjax-url=https://mathjax.rstudio.com/latest/MathJax.js?config=TeX-AMS-MML_HTMLorMML" --include-in-header "C:\Users\arnab\AppData\Local\Temp\RtmpCaOLge\rmarkdown-str46346cf93059.html" 

Output created: bundle-s3.html
Rendering ./causal-cqte.Rmd


processing file: causal-cqte.Rmd
1/6        
2/6 [setup]
3/6        
4/6 [data] 
5/6        
6/6 [qte]  
output file: causal-cqte.knit.md

"C:\Program Files\RStudio\resources\app\bin\quarto\bin\tools/pandoc" +RTS -K512m -RTS causal-cqte.knit.md --to html4 --from markdown+autolink_bare_uris+tex_math_single_backslash --output pandoc463439633338.html --lua-filter "C:\Users\arnab\AppData\Local\R\cache\R\renv\library\DPmixGPD-75b87f7b\windows\R-4.5\x86_64-w64-mingw32\rmarkdown\rmarkdown\lua\pagebreak.lua" --lua-filter "C:\Users\arnab\AppData\Local\R\cache\R\renv\library\DPmixGPD-75b87f7b\windows\R-4.5\x86_64-w64-mingw32\rmarkdown\rmarkdown\lua\latex-div.lua" --lua-filter "C:\Users\arnab\AppData\Local\R\cache\R\renv\library\DPmixGPD-75b87f7b\windows\R-4.5\x86_64-w64-mingw32\rmarkdown\rmarkdown\lua\table-classes.lua" --embed-resources --standalone --section-divs --template "C:\Users\arnab\AppData\Local\R\cache\R\renv\library\DPmixGPD-75b87f7b\windows\R-4.5\x86_64-w64-mingw32\rmarkdown\rmd\h\default.html" --highlight-style pygments --css "C:/Users/arnab/AppData/Local/R/cache/R/renv/library/DPmixGPD-75b87f7b/windows/R-4.5/x86_64-w64-mingw32/rmarkdown/rmarkdown/templates/html_vignette/resources/vignette.css" --mathjax --variable "mathjax-url=https://mathjax.rstudio.com/latest/MathJax.js?config=TeX-AMS-MML_HTMLorMML" --include-in-header "C:\Users\arnab\AppData\Local\Temp\RtmpCaOLge\rmarkdown-str463424665a0.html" 

Output created: causal-cqte.html
Rendering ./causal-kernel-compare.Rmd


processing file: causal-kernel-compare.Rmd
1/6                 
2/6 [setup]         
3/6                 
4/6 [data]          
5/6                 
6/6 [causal-compare]
output file: causal-kernel-compare.knit.md

"C:\Program Files\RStudio\resources\app\bin\quarto\bin\tools/pandoc" +RTS -K512m -RTS causal-kernel-compare.knit.md --to html4 --from markdown+autolink_bare_uris+tex_math_single_backslash --output pandoc46343ccd1783.html --lua-filter "C:\Users\arnab\AppData\Local\R\cache\R\renv\library\DPmixGPD-75b87f7b\windows\R-4.5\x86_64-w64-mingw32\rmarkdown\rmarkdown\lua\pagebreak.lua" --lua-filter "C:\Users\arnab\AppData\Local\R\cache\R\renv\library\DPmixGPD-75b87f7b\windows\R-4.5\x86_64-w64-mingw32\rmarkdown\rmarkdown\lua\latex-div.lua" --lua-filter "C:\Users\arnab\AppData\Local\R\cache\R\renv\library\DPmixGPD-75b87f7b\windows\R-4.5\x86_64-w64-mingw32\rmarkdown\rmarkdown\lua\table-classes.lua" --embed-resources --standalone --section-divs --template "C:\Users\arnab\AppData\Local\R\cache\R\renv\library\DPmixGPD-75b87f7b\windows\R-4.5\x86_64-w64-mingw32\rmarkdown\rmd\h\default.html" --highlight-style pygments --css "C:/Users/arnab/AppData/Local/R/cache/R/renv/library/DPmixGPD-75b87f7b/windows/R-4.5/x86_64-w64-mingw32/rmarkdown/rmarkdown/templates/html_vignette/resources/vignette.css" --mathjax --variable "mathjax-url=https://mathjax.rstudio.com/latest/MathJax.js?config=TeX-AMS-MML_HTMLorMML" --include-in-header "C:\Users\arnab\AppData\Local\Temp\RtmpCaOLge\rmarkdown-str463420692135.html" 

Output created: causal-kernel-compare.html
Rendering ./causal-qte.Rmd


processing file: causal-qte.Rmd
1/6        
2/6 [setup]
3/6        
4/6 [data] 
5/6        
6/6 [qte]  
